{"level":"info","message":"\n Sat Jan 27 2024 23:01:04 GMT+0530 (India Standard Time)\n /api/users/signin\n{\"email\":\"shubham.kbh888@gmail.com\",\"password\":\"Mj@1234\"}","service":"request-logging"}
{"level":"info","message":"\n Sat Jan 27 2024 23:25:27 GMT+0530 (India Standard Time)\n /api/otp/send\n{\"text\":\"good Narration\",\"rating\":4}","service":"request-logging"}
{"level":"info","message":"\n Sat Jan 27 2024 23:31:45 GMT+0530 (India Standard Time)\n /api/otp/send\n{\"text\":\"good Narration\",\"rating\":4}","service":"request-logging"}
{"level":"info","message":"{\n  \"timestamp\": \"2024-01-27T18:04:36.716Z\",\n  \"method\": \"POST\",\n  \"url\": \"/api/otp/send\",\n  \"requestBody\": {\n    \"text\": \"good Narration\",\n    \"rating\": 4\n  },\n  \"queryParameters\": {}\n}","service":"request-logging"}
{"level":"info","message":"{\n  \"timestamp\": \"2024-01-27T18:06:34.851Z\",\n  \"method\": \"POST\",\n  \"url\": \"/api/otp/send\",\n  \"requestBody\": {\n    \"text\": \"good Narration\",\n    \"rating\": 4\n  },\n  \"queryParameters\": {}\n}","service":"request-logging"}
{"level":"info","message":{"method":"POST","queryParameters":{},"requestBody":{"rating":4,"text":"good Narration"},"timestamp":"2024-01-27T18:07:56.614Z","url":"/api/otp/send"},"service":"request-logging"}
{"level":"info","message":"{\n  \"timestamp\": \"2024-01-27T18:13:30.622Z\",\n  \"method\": \"POST\",\n  \"url\": \"/api/otp/send\",\n  \"requestBody\": {\n    \"text\": \"good Narration\",\n    \"rating\": 4\n  },\n  \"queryParameters\": {}\n}","service":"request-logging"}
{"level":"info","message":"{\n  \"timestamp\": \"2024-01-27T18:14:16.594Z\",\n  \"method\": \"POST\",\n  \"url\": \"/api/otp/send\",\n  \"requestBody\": {\n    \"text\": \"good Narration\",\n    \"rating\": 4\n  },\n  \"queryParameters\": {}\n}","service":"request-logging"}
{"level":"info","message":"{\n  \"timestamp\": \"2024-01-29T20:10:40.481Z\",\n  \"method\": \"POST\",\n  \"url\": \"/api/users/signup\",\n  \"requestBody\": {\n    \"username\": \"SKB\",\n    \"email\": \"shubham.kbh8888@gmail.com\",\n    \"password\": \"SKBj@123\"\n  },\n  \"queryParameters\": {}\n}","service":"request-logging"}
{"level":"info","message":"{\n  \"timestamp\": \"2024-01-29T20:12:21.578Z\",\n  \"method\": \"POST\",\n  \"url\": \"/api/users/signup\",\n  \"requestBody\": {\n    \"username\": \"BL\",\n    \"email\": \"BL@gmail.com\",\n    \"password\": \"Bl@123\"\n  },\n  \"queryParameters\": {}\n}","service":"request-logging"}
{"level":"info","message":"{\n  \"timestamp\": \"2024-01-30T09:22:41.009Z\",\n  \"method\": \"POST\",\n  \"url\": \"/api/users/signin\",\n  \"requestBody\": {\n    \"email\": \"shubham.kbh888@gmail.com\",\n    \"password\": \"Mj@123\"\n  },\n  \"queryParameters\": {}\n}","service":"request-logging"}
{"level":"info","message":"{\n  \"timestamp\": \"2024-01-30T09:23:45.449Z\",\n  \"method\": \"POST\",\n  \"url\": \"/api/otp/send\",\n  \"requestBody\": {\n    \"text\": \"good Narration\",\n    \"rating\": 4\n  },\n  \"queryParameters\": {}\n}","service":"request-logging"}
{"level":"info","message":"{\n  \"timestamp\": \"2024-01-30T09:25:57.631Z\",\n  \"method\": \"POST\",\n  \"url\": \"/api/otp/verify/843785\",\n  \"requestBody\": {\n    \"text\": \"good Narration\",\n    \"rating\": 4\n  },\n  \"queryParameters\": {}\n}","service":"request-logging"}
{"level":"info","message":"{\n  \"timestamp\": \"2024-01-30T09:33:15.057Z\",\n  \"method\": \"POST\",\n  \"url\": \"/api/users/signin\",\n  \"requestBody\": {\n    \"email\": \"shubham.kbh888@gmail.com\",\n    \"password\": \"Mj@123\"\n  },\n  \"queryParameters\": {}\n}","service":"request-logging"}
{"level":"info","message":"{\n  \"timestamp\": \"2024-01-30T09:33:26.385Z\",\n  \"method\": \"POST\",\n  \"url\": \"/api/otp/send\",\n  \"requestBody\": {\n    \"text\": \"good Narration\",\n    \"rating\": 4\n  },\n  \"queryParameters\": {}\n}","service":"request-logging"}
{"level":"info","message":"{\n  \"timestamp\": \"2024-01-30T09:34:28.489Z\",\n  \"method\": \"POST\",\n  \"url\": \"/api/otp/verify/402399\",\n  \"requestBody\": {\n    \"text\": \"good Narration\",\n    \"rating\": 4\n  },\n  \"queryParameters\": {}\n}","service":"request-logging"}
{"level":"info","message":"{\n  \"timestamp\": \"2024-01-30T09:38:04.207Z\",\n  \"method\": \"POST\",\n  \"url\": \"/api/users/signin\",\n  \"requestBody\": {\n    \"email\": \"shubham.kbh888@gmail.com\",\n    \"password\": \"Mj@123\"\n  },\n  \"queryParameters\": {}\n}","service":"request-logging"}
{"level":"info","message":"{\n  \"timestamp\": \"2024-01-30T09:38:26.644Z\",\n  \"method\": \"POST\",\n  \"url\": \"/api/otp/send\",\n  \"requestBody\": {\n    \"text\": \"good Narration\",\n    \"rating\": 4\n  },\n  \"queryParameters\": {}\n}","service":"request-logging"}
{"level":"info","message":"{\n  \"timestamp\": \"2024-01-30T09:39:13.516Z\",\n  \"method\": \"POST\",\n  \"url\": \"/api/otp/verify/151487\",\n  \"requestBody\": {\n    \"text\": \"good Narration\",\n    \"rating\": 4\n  },\n  \"queryParameters\": {}\n}","service":"request-logging"}
{"level":"info","message":"{\n  \"timestamp\": \"2024-01-30T09:46:02.052Z\",\n  \"method\": \"POST\",\n  \"url\": \"/api/users/signin\",\n  \"requestBody\": {\n    \"email\": \"shubham.kbh888@gmail.com\",\n    \"password\": \"Mj@123\"\n  },\n  \"queryParameters\": {}\n}","service":"request-logging"}
{"level":"info","message":"{\n  \"timestamp\": \"2024-01-30T09:46:38.038Z\",\n  \"method\": \"POST\",\n  \"url\": \"/api/otp/send\",\n  \"requestBody\": {\n    \"text\": \"good Narration\",\n    \"rating\": 4\n  },\n  \"queryParameters\": {}\n}","service":"request-logging"}
{"level":"info","message":"{\n  \"timestamp\": \"2024-01-30T09:47:17.077Z\",\n  \"method\": \"POST\",\n  \"url\": \"/api/otp/verify/992849\",\n  \"requestBody\": {\n    \"text\": \"good Narration\",\n    \"rating\": 4\n  },\n  \"queryParameters\": {}\n}","service":"request-logging"}
{"level":"info","message":"{\n  \"timestamp\": \"2024-01-30T09:49:43.942Z\",\n  \"method\": \"POST\",\n  \"url\": \"/api/users/signin\",\n  \"requestBody\": {\n    \"email\": \"shubham.kbh888@gmail.com\",\n    \"password\": \"Mj@123\"\n  },\n  \"queryParameters\": {}\n}","service":"request-logging"}
{"level":"info","message":"{\n  \"timestamp\": \"2024-01-30T09:49:52.890Z\",\n  \"method\": \"POST\",\n  \"url\": \"/api/otp/send\",\n  \"requestBody\": {\n    \"text\": \"good Narration\",\n    \"rating\": 4\n  },\n  \"queryParameters\": {}\n}","service":"request-logging"}
{"level":"info","message":"{\n  \"timestamp\": \"2024-01-30T09:50:27.178Z\",\n  \"method\": \"POST\",\n  \"url\": \"/api/otp/verify/492190\",\n  \"requestBody\": {\n    \"text\": \"good Narration\",\n    \"rating\": 4\n  },\n  \"queryParameters\": {}\n}","service":"request-logging"}
{"level":"info","message":"{\n  \"timestamp\": \"2024-01-30T09:58:59.317Z\",\n  \"method\": \"POST\",\n  \"url\": \"/api/otp/verify/492190\",\n  \"requestBody\": {\n    \"text\": \"good Narration\",\n    \"rating\": 4\n  },\n  \"queryParameters\": {}\n}","service":"request-logging"}
{"level":"info","message":"{\n  \"timestamp\": \"2024-01-30T09:59:15.121Z\",\n  \"method\": \"POST\",\n  \"url\": \"/api/users/signin\",\n  \"requestBody\": {\n    \"email\": \"shubham.kbh888@gmail.com\",\n    \"password\": \"Mj@123\"\n  },\n  \"queryParameters\": {}\n}","service":"request-logging"}
{"level":"info","message":"{\n  \"timestamp\": \"2024-01-30T09:59:39.263Z\",\n  \"method\": \"POST\",\n  \"url\": \"/api/otp/verify/456566\",\n  \"requestBody\": {\n    \"text\": \"good Narration\",\n    \"rating\": 4\n  },\n  \"queryParameters\": {}\n}","service":"request-logging"}
{"level":"info","message":"{\n  \"timestamp\": \"2024-01-30T10:00:16.813Z\",\n  \"method\": \"POST\",\n  \"url\": \"/api/otp/send\",\n  \"requestBody\": {\n    \"text\": \"good Narration\",\n    \"rating\": 4\n  },\n  \"queryParameters\": {}\n}","service":"request-logging"}
{"level":"info","message":"{\n  \"timestamp\": \"2024-01-30T10:00:49.686Z\",\n  \"method\": \"POST\",\n  \"url\": \"/api/otp/verify/745647\",\n  \"requestBody\": {\n    \"text\": \"good Narration\",\n    \"rating\": 4\n  },\n  \"queryParameters\": {}\n}","service":"request-logging"}
{"level":"info","message":"{\n  \"timestamp\": \"2024-01-30T10:02:18.175Z\",\n  \"method\": \"POST\",\n  \"url\": \"/api/otp/reset-password\",\n  \"requestBody\": {\n    \"newPassword\": \"BC@123\"\n  },\n  \"queryParameters\": {}\n}","service":"request-logging"}
{"level":"info","message":"{\n  \"timestamp\": \"2024-01-30T10:03:30.874Z\",\n  \"method\": \"POST\",\n  \"url\": \"/api/otp/reset-password\",\n  \"requestBody\": {\n    \"newPassword\": \"BC@123\"\n  },\n  \"queryParameters\": {}\n}","service":"request-logging"}
{"level":"info","message":"{\n  \"timestamp\": \"2024-01-30T10:08:49.842Z\",\n  \"method\": \"POST\",\n  \"url\": \"/api/users/signin\",\n  \"requestBody\": {\n    \"email\": \"shubham.kbh888@gmail.com\",\n    \"password\": \"Mj@123\"\n  },\n  \"queryParameters\": {}\n}","service":"request-logging"}
{"level":"info","message":"{\n  \"timestamp\": \"2024-01-30T10:09:01.503Z\",\n  \"method\": \"POST\",\n  \"url\": \"/api/otp/send\",\n  \"requestBody\": {\n    \"newPassword\": \"BC@123\"\n  },\n  \"queryParameters\": {}\n}","service":"request-logging"}
{"level":"info","message":"{\n  \"timestamp\": \"2024-01-30T10:09:37.029Z\",\n  \"method\": \"POST\",\n  \"url\": \"/api/otp/verify/768770\",\n  \"requestBody\": {\n    \"newPassword\": \"BC@123\"\n  },\n  \"queryParameters\": {}\n}","service":"request-logging"}
{"level":"info","message":"{\n  \"timestamp\": \"2024-01-30T10:11:19.750Z\",\n  \"method\": \"POST\",\n  \"url\": \"/api/otp/verify/768770\",\n  \"requestBody\": {\n    \"newPassword\": \"BC@123\"\n  },\n  \"queryParameters\": {}\n}","service":"request-logging"}
{"level":"info","message":"{\n  \"timestamp\": \"2024-01-30T10:12:27.183Z\",\n  \"method\": \"POST\",\n  \"url\": \"/api/users/signin\",\n  \"requestBody\": {\n    \"email\": \"shubham.kbh888@gmail.com\",\n    \"password\": \"Mj@123\"\n  },\n  \"queryParameters\": {}\n}","service":"request-logging"}
{"level":"info","message":"{\n  \"timestamp\": \"2024-01-30T10:12:36.315Z\",\n  \"method\": \"POST\",\n  \"url\": \"/api/otp/send\",\n  \"requestBody\": {\n    \"newPassword\": \"BC@123\"\n  },\n  \"queryParameters\": {}\n}","service":"request-logging"}
{"level":"info","message":"{\n  \"timestamp\": \"2024-01-30T10:13:04.858Z\",\n  \"method\": \"POST\",\n  \"url\": \"/api/otp/verify/766781\",\n  \"requestBody\": {\n    \"newPassword\": \"BC@123\"\n  },\n  \"queryParameters\": {}\n}","service":"request-logging"}
{"level":"info","message":"{\n  \"timestamp\": \"2024-01-30T10:18:39.388Z\",\n  \"method\": \"POST\",\n  \"url\": \"/api/users/signin\",\n  \"requestBody\": {\n    \"email\": \"shubham.kbh888@gmail.com\",\n    \"password\": \"Mj@123\"\n  },\n  \"queryParameters\": {}\n}","service":"request-logging"}
{"level":"info","message":"{\n  \"timestamp\": \"2024-01-30T10:18:51.277Z\",\n  \"method\": \"POST\",\n  \"url\": \"/api/otp/send\",\n  \"requestBody\": {\n    \"newPassword\": \"BC@123\"\n  },\n  \"queryParameters\": {}\n}","service":"request-logging"}
{"level":"info","message":"{\n  \"timestamp\": \"2024-01-30T10:19:18.478Z\",\n  \"method\": \"POST\",\n  \"url\": \"/api/otp/verify/377965\",\n  \"requestBody\": {\n    \"newPassword\": \"BC@123\"\n  },\n  \"queryParameters\": {}\n}","service":"request-logging"}
{"level":"info","message":"{\n  \"timestamp\": \"2024-01-30T10:20:59.910Z\",\n  \"method\": \"POST\",\n  \"url\": \"/api/users/signin\",\n  \"requestBody\": {\n    \"email\": \"shubham.kbh888@gmail.com\",\n    \"password\": \"Mj@123\"\n  },\n  \"queryParameters\": {}\n}","service":"request-logging"}
{"level":"info","message":"{\n  \"timestamp\": \"2024-01-30T10:21:09.147Z\",\n  \"method\": \"POST\",\n  \"url\": \"/api/otp/send\",\n  \"requestBody\": {\n    \"newPassword\": \"BC@123\"\n  },\n  \"queryParameters\": {}\n}","service":"request-logging"}
{"level":"info","message":"{\n  \"timestamp\": \"2024-01-30T10:21:37.490Z\",\n  \"method\": \"POST\",\n  \"url\": \"/api/otp/verify/911873\",\n  \"requestBody\": {\n    \"newPassword\": \"BC@123\"\n  },\n  \"queryParameters\": {}\n}","service":"request-logging"}
{"level":"info","message":"{\n  \"timestamp\": \"2024-01-30T11:26:52.821Z\",\n  \"method\": \"POST\",\n  \"url\": \"/api/users/signin\",\n  \"requestBody\": {\n    \"email\": \"shubham.kbh888@gmail.com\",\n    \"password\": \"Mj@123\"\n  },\n  \"queryParameters\": {}\n}","service":"request-logging"}
{"level":"info","message":"{\n  \"timestamp\": \"2024-01-30T11:27:18.160Z\",\n  \"method\": \"POST\",\n  \"url\": \"/api/otp/send\",\n  \"requestBody\": {\n    \"newPassword\": \"SK@123\"\n  },\n  \"queryParameters\": {}\n}","service":"request-logging"}
{"level":"info","message":"{\n  \"timestamp\": \"2024-01-30T11:27:51.322Z\",\n  \"method\": \"POST\",\n  \"url\": \"/api/otp/verify/428437\",\n  \"requestBody\": {\n    \"newPassword\": \"SK@123\"\n  },\n  \"queryParameters\": {}\n}","service":"request-logging"}
{"level":"info","message":"{\n  \"timestamp\": \"2024-01-30T11:28:53.183Z\",\n  \"method\": \"POST\",\n  \"url\": \"/api/otp/reset-password\",\n  \"requestBody\": {\n    \"newPassword\": \"SK@123\"\n  },\n  \"queryParameters\": {}\n}","service":"request-logging"}
{"level":"info","message":"{\n  \"timestamp\": \"2024-01-30T11:29:02.597Z\",\n  \"method\": \"POST\",\n  \"url\": \"/api/users/signin\",\n  \"requestBody\": {\n    \"email\": \"shubham.kbh888@gmail.com\",\n    \"password\": \"Mj@123\"\n  },\n  \"queryParameters\": {}\n}","service":"request-logging"}
{"level":"info","message":"{\n  \"timestamp\": \"2024-01-30T11:29:17.849Z\",\n  \"method\": \"POST\",\n  \"url\": \"/api/users/signin\",\n  \"requestBody\": {\n    \"email\": \"shubham.kbh888@gmail.com\",\n    \"password\": \"SK@123\"\n  },\n  \"queryParameters\": {}\n}","service":"request-logging"}
{"level":"info","message":"{\n  \"timestamp\": \"2024-01-30T11:30:05.306Z\",\n  \"method\": \"POST\",\n  \"url\": \"/api/otp/reset-password\",\n  \"requestBody\": {\n    \"newPassword\": \"SK@123\"\n  },\n  \"queryParameters\": {}\n}","service":"request-logging"}
{"level":"info","message":"{\n  \"timestamp\": \"2024-01-30T12:59:09.620Z\",\n  \"method\": \"POST\",\n  \"url\": \"/api/users/signup\",\n  \"requestBody\": {\n    \"username\": \"BL\",\n    \"email\": \"BL@gmail.com\",\n    \"password\": \"Bl@123\"\n  },\n  \"queryParameters\": {}\n}","service":"request-logging"}
{"level":"info","message":"{\n  \"timestamp\": \"2024-01-30T12:59:42.670Z\",\n  \"method\": \"POST\",\n  \"url\": \"/api/users/signup\",\n  \"requestBody\": {\n    \"username\": \"SK\",\n    \"email\": \"shubham.kbh888@gmail.com\",\n    \"password\": \"SK@123\"\n  },\n  \"queryParameters\": {}\n}","service":"request-logging"}
{"level":"info","message":"{\n  \"timestamp\": \"2024-01-30T13:00:02.470Z\",\n  \"method\": \"POST\",\n  \"url\": \"/api/users/signup\",\n  \"requestBody\": {\n    \"username\": \"MK\",\n    \"email\": \"MK@gmail.com\",\n    \"password\": \"MK@123\"\n  },\n  \"queryParameters\": {}\n}","service":"request-logging"}
{"level":"info","message":"{\n  \"timestamp\": \"2024-01-30T13:02:14.773Z\",\n  \"method\": \"POST\",\n  \"url\": \"/api/users/signin\",\n  \"requestBody\": {\n    \"email\": \"shubham.kbh888@gmail.com\",\n    \"password\": \"SK@123\"\n  },\n  \"queryParameters\": {}\n}","service":"request-logging"}
{"level":"info","message":"{\n  \"timestamp\": \"2024-01-30T13:04:33.680Z\",\n  \"method\": \"GET\",\n  \"url\": \"/api/posts\",\n  \"requestBody\": {\n    \"caption\": \"Black Pillow\",\n    \"imageUrl\": \"https://m.media-amazon.com/images/I/410yXpanMoL._MCnd_AC_.jpg\"\n  },\n  \"queryParameters\": {}\n}","service":"request-logging"}
{"level":"info","message":"{\n  \"timestamp\": \"2024-01-30T13:05:11.777Z\",\n  \"method\": \"POST\",\n  \"url\": \"/api/posts\",\n  \"requestBody\": {\n    \"caption\": \"Black Pillow\",\n    \"imageUrl\": \"https://m.media-amazon.com/images/I/410yXpanMoL._MCnd_AC_.jpg\"\n  },\n  \"queryParameters\": {}\n}","service":"request-logging"}
{"level":"info","message":"{\n  \"timestamp\": \"2024-01-30T13:06:51.509Z\",\n  \"method\": \"POST\",\n  \"url\": \"/api/users/signin\",\n  \"requestBody\": {\n    \"email\": \"shubham.kbh888@gmail.com\",\n    \"password\": \"SK@123\"\n  },\n  \"queryParameters\": {}\n}","service":"request-logging"}
{"level":"info","message":"{\n  \"timestamp\": \"2024-01-30T13:06:56.063Z\",\n  \"method\": \"POST\",\n  \"url\": \"/api/posts\",\n  \"requestBody\": {\n    \"caption\": \"Black Pillow\",\n    \"imageUrl\": \"https://m.media-amazon.com/images/I/410yXpanMoL._MCnd_AC_.jpg\"\n  },\n  \"queryParameters\": {}\n}","service":"request-logging"}
{"level":"info","message":"{\n  \"timestamp\": \"2024-01-30T13:09:19.587Z\",\n  \"method\": \"POST\",\n  \"url\": \"/api/users/signin\",\n  \"requestBody\": {\n    \"email\": \"shubham.kbh888@gmail.com\",\n    \"password\": \"SK@123\"\n  },\n  \"queryParameters\": {}\n}","service":"request-logging"}
{"level":"info","message":"{\n  \"timestamp\": \"2024-01-30T13:09:23.820Z\",\n  \"method\": \"POST\",\n  \"url\": \"/api/posts\",\n  \"requestBody\": {\n    \"caption\": \"Black Pillow\",\n    \"imageUrl\": \"https://m.media-amazon.com/images/I/410yXpanMoL._MCnd_AC_.jpg\"\n  },\n  \"queryParameters\": {}\n}","service":"request-logging"}
{"level":"info","message":"{\n  \"timestamp\": \"2024-01-30T13:11:33.308Z\",\n  \"method\": \"POST\",\n  \"url\": \"/api/users/signin\",\n  \"requestBody\": {\n    \"email\": \"shubham.kbh888@gmail.com\",\n    \"password\": \"SK@123\"\n  },\n  \"queryParameters\": {}\n}","service":"request-logging"}
{"level":"info","message":"{\n  \"timestamp\": \"2024-01-30T13:11:36.982Z\",\n  \"method\": \"POST\",\n  \"url\": \"/api/posts\",\n  \"requestBody\": {\n    \"caption\": \"Black Pillow\",\n    \"imageUrl\": \"https://m.media-amazon.com/images/I/410yXpanMoL._MCnd_AC_.jpg\"\n  },\n  \"queryParameters\": {}\n}","service":"request-logging"}
{"level":"info","message":"{\n  \"timestamp\": \"2024-01-30T13:13:31.880Z\",\n  \"method\": \"POST\",\n  \"url\": \"/api/users/signin\",\n  \"requestBody\": {\n    \"email\": \"shubham.kbh888@gmail.com\",\n    \"password\": \"SK@123\"\n  },\n  \"queryParameters\": {}\n}","service":"request-logging"}
{"level":"info","message":"{\n  \"timestamp\": \"2024-01-30T13:13:35.253Z\",\n  \"method\": \"POST\",\n  \"url\": \"/api/posts\",\n  \"requestBody\": {\n    \"caption\": \"Black Pillow\",\n    \"imageUrl\": \"https://m.media-amazon.com/images/I/410yXpanMoL._MCnd_AC_.jpg\"\n  },\n  \"queryParameters\": {}\n}","service":"request-logging"}
{"level":"info","message":"{\n  \"timestamp\": \"2024-01-30T13:14:19.791Z\",\n  \"method\": \"POST\",\n  \"url\": \"/api/users/signin\",\n  \"requestBody\": {\n    \"email\": \"shubham.kbh888@gmail.com\",\n    \"password\": \"SK@123\"\n  },\n  \"queryParameters\": {}\n}","service":"request-logging"}
{"level":"info","message":"{\n  \"timestamp\": \"2024-01-30T13:14:23.859Z\",\n  \"method\": \"POST\",\n  \"url\": \"/api/posts\",\n  \"requestBody\": {\n    \"caption\": \"Black Pillow\",\n    \"imageUrl\": \"https://m.media-amazon.com/images/I/410yXpanMoL._MCnd_AC_.jpg\"\n  },\n  \"queryParameters\": {}\n}","service":"request-logging"}
{"level":"info","message":"{\n  \"timestamp\": \"2024-01-30T13:43:37.257Z\",\n  \"method\": \"POST\",\n  \"url\": \"/api/users/signin\",\n  \"requestBody\": {\n    \"email\": \"MK@gmail.com\",\n    \"password\": \"MK@123\"\n  },\n  \"queryParameters\": {}\n}","service":"request-logging"}
{"level":"info","message":"{\n  \"timestamp\": \"2024-01-30T13:43:54.811Z\",\n  \"method\": \"POST\",\n  \"url\": \"/api/posts\",\n  \"requestBody\": {\n    \"caption\": \"Brown Rice\",\n    \"imageUrl\": \"https://m.media-amazon.com/images/I/410yXpanMoL._MCnd_AC_.jpg\"\n  },\n  \"queryParameters\": {}\n}","service":"request-logging"}
{"level":"info","message":"{\n  \"timestamp\": \"2024-01-30T14:43:48.803Z\",\n  \"method\": \"POST\",\n  \"url\": \"/api/users/signin\",\n  \"requestBody\": {\n    \"email\": \"MK@gmail.com\",\n    \"password\": \"MK@123\"\n  },\n  \"queryParameters\": {}\n}","service":"request-logging"}
{"level":"info","message":"{\n  \"timestamp\": \"2024-01-30T14:50:17.793Z\",\n  \"method\": \"POST\",\n  \"url\": \"/api/users/signin\",\n  \"requestBody\": {\n    \"email\": \"MK@gmail.com\",\n    \"password\": \"MK@123\"\n  },\n  \"queryParameters\": {}\n}","service":"request-logging"}
{"level":"info","message":"{\n  \"timestamp\": \"2024-01-30T14:50:47.988Z\",\n  \"method\": \"POST\",\n  \"url\": \"/api/friends/toggle-friendship/65b8f2bf2c0f6e098f80e4ac\",\n  \"requestBody\": {\n    \"caption\": \"Brown Rice\",\n    \"imageUrl\": \"https://m.media-amazon.com/images/I/410yXpanMoL._MCnd_AC_.jpg\"\n  },\n  \"queryParameters\": {}\n}","service":"request-logging"}
{"level":"info","message":"{\n  \"timestamp\": \"2024-01-30T14:57:05.968Z\",\n  \"method\": \"POST\",\n  \"url\": \"/api/users/signin\",\n  \"requestBody\": {\n    \"email\": \"MK@gmail.com\",\n    \"password\": \"MK@123\"\n  },\n  \"queryParameters\": {}\n}","service":"request-logging"}
{"level":"info","message":"{\n  \"timestamp\": \"2024-01-30T14:57:09.538Z\",\n  \"method\": \"POST\",\n  \"url\": \"/api/friends/toggle-friendship/65b8f2bf2c0f6e098f80e4ac\",\n  \"requestBody\": {\n    \"caption\": \"Brown Rice\",\n    \"imageUrl\": \"https://m.media-amazon.com/images/I/410yXpanMoL._MCnd_AC_.jpg\"\n  },\n  \"queryParameters\": {}\n}","service":"request-logging"}
{"level":"info","message":"{\n  \"timestamp\": \"2024-01-30T15:00:05.267Z\",\n  \"method\": \"POST\",\n  \"url\": \"/api/users/signin\",\n  \"requestBody\": {\n    \"email\": \"MK@gmail.com\",\n    \"password\": \"MK@123\"\n  },\n  \"queryParameters\": {}\n}","service":"request-logging"}
{"level":"info","message":"{\n  \"timestamp\": \"2024-01-30T15:00:09.191Z\",\n  \"method\": \"POST\",\n  \"url\": \"/api/friends/toggle-friendship/65b8f2bf2c0f6e098f80e4ac\",\n  \"requestBody\": {\n    \"caption\": \"Brown Rice\",\n    \"imageUrl\": \"https://m.media-amazon.com/images/I/410yXpanMoL._MCnd_AC_.jpg\"\n  },\n  \"queryParameters\": {}\n}","service":"request-logging"}
{"level":"info","message":"{\n  \"timestamp\": \"2024-01-30T15:00:48.499Z\",\n  \"method\": \"POST\",\n  \"url\": \"/api/friends/toggle-friendship/65b8f2bf2c0f6e098f80e4ac\",\n  \"requestBody\": {\n    \"caption\": \"Brown Rice\",\n    \"imageUrl\": \"https://m.media-amazon.com/images/I/410yXpanMoL._MCnd_AC_.jpg\"\n  },\n  \"queryParameters\": {}\n}","service":"request-logging"}
{"level":"info","message":"{\n  \"timestamp\": \"2024-01-30T15:00:53.090Z\",\n  \"method\": \"POST\",\n  \"url\": \"/api/users/signin\",\n  \"requestBody\": {\n    \"email\": \"MK@gmail.com\",\n    \"password\": \"MK@123\"\n  },\n  \"queryParameters\": {}\n}","service":"request-logging"}
{"level":"info","message":"{\n  \"timestamp\": \"2024-01-30T15:00:56.118Z\",\n  \"method\": \"POST\",\n  \"url\": \"/api/friends/toggle-friendship/65b8f2bf2c0f6e098f80e4ac\",\n  \"requestBody\": {\n    \"caption\": \"Brown Rice\",\n    \"imageUrl\": \"https://m.media-amazon.com/images/I/410yXpanMoL._MCnd_AC_.jpg\"\n  },\n  \"queryParameters\": {}\n}","service":"request-logging"}
{"level":"info","message":"{\n  \"timestamp\": \"2024-01-30T15:19:59.506Z\",\n  \"method\": \"POST\",\n  \"url\": \"/api/users/signin\",\n  \"requestBody\": {\n    \"email\": \"MK@gmail.com\",\n    \"password\": \"MK@123\"\n  },\n  \"queryParameters\": {}\n}","service":"request-logging"}
{"level":"info","message":"{\n  \"timestamp\": \"2024-01-30T15:21:19.514Z\",\n  \"method\": \"POST\",\n  \"url\": \"/api/friends/response-to-request/65b8f2bf2c0f6e098f80e4ac\",\n  \"requestBody\": {\n    \"caption\": \"Brown Rice\",\n    \"imageUrl\": \"https://m.media-amazon.com/images/I/410yXpanMoL._MCnd_AC_.jpg\"\n  },\n  \"queryParameters\": {}\n}","service":"request-logging"}
{"level":"info","message":"{\n  \"timestamp\": \"2024-01-30T15:23:02.991Z\",\n  \"method\": \"POST\",\n  \"url\": \"/api/users/signin\",\n  \"requestBody\": {\n    \"email\": \"MK@gmail.com\",\n    \"password\": \"MK@123\"\n  },\n  \"queryParameters\": {}\n}","service":"request-logging"}
{"level":"info","message":"{\n  \"timestamp\": \"2024-01-30T15:23:06.557Z\",\n  \"method\": \"POST\",\n  \"url\": \"/api/friends/response-to-request/65b8f2bf2c0f6e098f80e4ac\",\n  \"requestBody\": {\n    \"response\": \"accept\"\n  },\n  \"queryParameters\": {}\n}","service":"request-logging"}
{"level":"info","message":"{\n  \"timestamp\": \"2024-01-30T16:29:49.122Z\",\n  \"method\": \"POST\",\n  \"url\": \"/api/users/signin\",\n  \"requestBody\": {\n    \"email\": \"MK@gmail.com\",\n    \"password\": \"MK@123\"\n  },\n  \"queryParameters\": {}\n}","service":"request-logging"}
{"level":"info","message":"{\n  \"timestamp\": \"2024-01-30T16:29:57.644Z\",\n  \"method\": \"POST\",\n  \"url\": \"/api/friends/response-to-request/65b8f2bf2c0f6e098f80e4ac\",\n  \"requestBody\": {\n    \"response\": \"accept\"\n  },\n  \"queryParameters\": {}\n}","service":"request-logging"}
{"level":"info","message":"{\n  \"timestamp\": \"2024-01-30T16:30:53.864Z\",\n  \"method\": \"POST\",\n  \"url\": \"/api/users/signin\",\n  \"requestBody\": {\n    \"email\": \"MK@gmail.com\",\n    \"password\": \"MK@123\"\n  },\n  \"queryParameters\": {}\n}","service":"request-logging"}
{"level":"info","message":"{\n  \"timestamp\": \"2024-01-30T16:31:19.129Z\",\n  \"method\": \"POST\",\n  \"url\": \"/api/users/signin\",\n  \"requestBody\": {\n    \"email\": \"MK@gmail.com\",\n    \"password\": \"MK@123\"\n  },\n  \"queryParameters\": {}\n}","service":"request-logging"}
{"level":"info","message":"{\n  \"timestamp\": \"2024-01-30T16:31:25.887Z\",\n  \"method\": \"POST\",\n  \"url\": \"/api/friends/response-to-request/65b8f2bf2c0f6e098f80e4ac\",\n  \"requestBody\": {\n    \"response\": \"accept\"\n  },\n  \"queryParameters\": {}\n}","service":"request-logging"}
{"level":"info","message":"{\n  \"timestamp\": \"2024-01-30T16:34:04.272Z\",\n  \"method\": \"POST\",\n  \"url\": \"/api/users/signin\",\n  \"requestBody\": {\n    \"email\": \"MK@gmail.com\",\n    \"password\": \"MK@123\"\n  },\n  \"queryParameters\": {}\n}","service":"request-logging"}
{"level":"info","message":"{\n  \"timestamp\": \"2024-01-30T16:34:11.183Z\",\n  \"method\": \"POST\",\n  \"url\": \"/api/friends/response-to-request/65b8f2bf2c0f6e098f80e4ac\",\n  \"requestBody\": {\n    \"response\": \"accept\"\n  },\n  \"queryParameters\": {}\n}","service":"request-logging"}
{"level":"info","message":"{\n  \"timestamp\": \"2024-01-30T16:35:54.493Z\",\n  \"method\": \"POST\",\n  \"url\": \"/api/users/signin\",\n  \"requestBody\": {\n    \"email\": \"MK@gmail.com\",\n    \"password\": \"MK@123\"\n  },\n  \"queryParameters\": {}\n}","service":"request-logging"}
{"level":"info","message":"{\n  \"timestamp\": \"2024-01-30T16:35:58.309Z\",\n  \"method\": \"GET\",\n  \"url\": \"/api/friends/response-to-request/65b8f2bf2c0f6e098f80e4ac\",\n  \"requestBody\": {\n    \"response\": \"accept\"\n  },\n  \"queryParameters\": {}\n}","service":"request-logging"}
{"level":"info","message":"{\n  \"timestamp\": \"2024-01-30T16:37:00.206Z\",\n  \"method\": \"POST\",\n  \"url\": \"/api/users/signin\",\n  \"requestBody\": {\n    \"email\": \"MK@gmail.com\",\n    \"password\": \"MK@123\"\n  },\n  \"queryParameters\": {}\n}","service":"request-logging"}
{"level":"info","message":"{\n  \"timestamp\": \"2024-01-30T16:37:04.242Z\",\n  \"method\": \"GET\",\n  \"url\": \"/api/friends/get-friends/65b8f2d22c0f6e098f80e4ae\",\n  \"requestBody\": {\n    \"response\": \"accept\"\n  },\n  \"queryParameters\": {}\n}","service":"request-logging"}
{"level":"info","message":"{\n  \"timestamp\": \"2024-01-30T16:38:47.561Z\",\n  \"method\": \"POST\",\n  \"url\": \"/api/users/signin\",\n  \"requestBody\": {\n    \"email\": \"MK@gmail.com\",\n    \"password\": \"MK@123\"\n  },\n  \"queryParameters\": {}\n}","service":"request-logging"}
{"level":"info","message":"{\n  \"timestamp\": \"2024-01-30T16:38:51.206Z\",\n  \"method\": \"GET\",\n  \"url\": \"/api/friends/get-friends/65b8f2d22c0f6e098f80e4ae\",\n  \"requestBody\": {\n    \"response\": \"accept\"\n  },\n  \"queryParameters\": {}\n}","service":"request-logging"}
{"level":"info","message":"{\n  \"timestamp\": \"2024-01-30T16:42:17.316Z\",\n  \"method\": \"POST\",\n  \"url\": \"/api/users/signin\",\n  \"requestBody\": {\n    \"email\": \"MK@gmail.com\",\n    \"password\": \"MK@123\"\n  },\n  \"queryParameters\": {}\n}","service":"request-logging"}
{"level":"info","message":"{\n  \"timestamp\": \"2024-01-30T16:42:23.873Z\",\n  \"method\": \"GET\",\n  \"url\": \"/api/friends/get-friends/65b8f2d22c0f6e098f80e4ae\",\n  \"requestBody\": {\n    \"response\": \"accept\"\n  },\n  \"queryParameters\": {}\n}","service":"request-logging"}
{"level":"info","message":"{\n  \"timestamp\": \"2024-01-30T17:34:16.256Z\",\n  \"method\": \"POST\",\n  \"url\": \"/api/users/signup\",\n  \"requestBody\": {\n    \"username\": \"MK\",\n    \"email\": \"MK@gmail.com\",\n    \"password\": \"MK@123\"\n  },\n  \"queryParameters\": {}\n}","service":"request-logging"}
{"level":"info","message":"{\n  \"timestamp\": \"2024-01-30T17:36:01.553Z\",\n  \"method\": \"POST\",\n  \"url\": \"/api/users/signup\",\n  \"requestBody\": {\n    \"username\": \"SK\",\n    \"email\": \"shubham.kbh888@gmail.com\",\n    \"password\": \"SK@123\"\n  },\n  \"queryParameters\": {}\n}","service":"request-logging"}
{"level":"info","message":"{\n  \"timestamp\": \"2024-01-30T17:37:31.782Z\",\n  \"method\": \"POST\",\n  \"url\": \"/api/users/signup\",\n  \"requestBody\": {\n    \"username\": \"SK\",\n    \"email\": \"shubham.kbh888@gmail.com\",\n    \"password\": \"SK@123\"\n  },\n  \"queryParameters\": {}\n}","service":"request-logging"}
{"level":"info","message":"{\n  \"timestamp\": \"2024-01-30T17:37:58.752Z\",\n  \"method\": \"POST\",\n  \"url\": \"/api/users/signup\",\n  \"requestBody\": {\n    \"username\": \"MK\",\n    \"email\": \"MK@gmail.com\",\n    \"password\": \"MK@123\"\n  },\n  \"queryParameters\": {}\n}","service":"request-logging"}
{"level":"info","message":"{\n  \"timestamp\": \"2024-01-30T17:38:12.050Z\",\n  \"method\": \"POST\",\n  \"url\": \"/api/users/signup\",\n  \"requestBody\": {\n    \"username\": \"JK\",\n    \"email\": \"JK@gmail.com\",\n    \"password\": \"JK@123\"\n  },\n  \"queryParameters\": {}\n}","service":"request-logging"}
{"level":"info","message":"{\n  \"timestamp\": \"2024-01-30T17:38:29.411Z\",\n  \"method\": \"POST\",\n  \"url\": \"/api/users/signup\",\n  \"requestBody\": {\n    \"username\": \"DK\",\n    \"email\": \"DK@gmail.com\",\n    \"password\": \"DK@123\"\n  },\n  \"queryParameters\": {}\n}","service":"request-logging"}
{"level":"info","message":"{\n  \"timestamp\": \"2024-01-30T17:38:58.413Z\",\n  \"method\": \"POST\",\n  \"url\": \"/api/users/signin\",\n  \"requestBody\": {\n    \"email\": \"MK@gmail.com\",\n    \"password\": \"MK@123\"\n  },\n  \"queryParameters\": {}\n}","service":"request-logging"}
{"level":"info","message":"{\n  \"timestamp\": \"2024-01-30T17:40:26.234Z\",\n  \"method\": \"POST\",\n  \"url\": \"/api/friends/toggle-friendship/65b933dc2ef43d7fc6e9fdec\",\n  \"requestBody\": {\n    \"response\": \"accept\"\n  },\n  \"queryParameters\": {}\n}","service":"request-logging"}
{"level":"info","message":"{\n  \"timestamp\": \"2024-01-30T17:41:00.591Z\",\n  \"method\": \"POST\",\n  \"url\": \"/api/friends/toggle-friendship/65b934152ef43d7fc6e9fdf2\",\n  \"requestBody\": {\n    \"response\": \"accept\"\n  },\n  \"queryParameters\": {}\n}","service":"request-logging"}
{"level":"info","message":"{\n  \"timestamp\": \"2024-01-30T18:14:30.620Z\",\n  \"method\": \"POST\",\n  \"url\": \"/api/users/signin\",\n  \"requestBody\": {\n    \"email\": \"MK@gmail.com\",\n    \"password\": \"MK@123\"\n  },\n  \"queryParameters\": {}\n}","service":"request-logging"}
{"level":"info","message":"{\n  \"timestamp\": \"2024-01-30T18:15:06.726Z\",\n  \"method\": \"POST\",\n  \"url\": \"/api/friends/toggle-friendship/65b933dc2ef43d7fc6e9fdec\",\n  \"requestBody\": {\n    \"response\": \"accept\"\n  },\n  \"queryParameters\": {}\n}","service":"request-logging"}
{"level":"info","message":"{\n  \"timestamp\": \"2024-01-30T18:15:54.300Z\",\n  \"method\": \"POST\",\n  \"url\": \"/api/friends/toggle-friendship/65b934042ef43d7fc6e9fdf0\",\n  \"requestBody\": {\n    \"response\": \"accept\"\n  },\n  \"queryParameters\": {}\n}","service":"request-logging"}
{"level":"info","message":"{\n  \"timestamp\": \"2024-01-30T18:16:43.245Z\",\n  \"method\": \"POST\",\n  \"url\": \"/api/friends/toggle-friendship/65b934152ef43d7fc6e9fdf2\",\n  \"requestBody\": {\n    \"response\": \"accept\"\n  },\n  \"queryParameters\": {}\n}","service":"request-logging"}
{"level":"info","message":"{\n  \"timestamp\": \"2024-01-30T18:24:20.405Z\",\n  \"method\": \"POST\",\n  \"url\": \"/api/users/signin\",\n  \"requestBody\": {\n    \"email\": \"MK@gmail.com\",\n    \"password\": \"MK@123\"\n  },\n  \"queryParameters\": {}\n}","service":"request-logging"}
{"level":"info","message":"{\n  \"timestamp\": \"2024-01-30T18:24:27.162Z\",\n  \"method\": \"POST\",\n  \"url\": \"/api/friends/toggle-friendship/65b934152ef43d7fc6e9fdf2\",\n  \"requestBody\": {\n    \"response\": \"accept\"\n  },\n  \"queryParameters\": {}\n}","service":"request-logging"}
{"level":"info","message":"{\n  \"timestamp\": \"2024-01-30T18:24:57.510Z\",\n  \"method\": \"POST\",\n  \"url\": \"/api/friends/toggle-friendship/65b933dc2ef43d7fc6e9fdec\",\n  \"requestBody\": {\n    \"response\": \"accept\"\n  },\n  \"queryParameters\": {}\n}","service":"request-logging"}
{"level":"info","message":"{\n  \"timestamp\": \"2024-01-30T18:26:39.117Z\",\n  \"method\": \"POST\",\n  \"url\": \"/api/friends/toggle-friendship/65b933dc2ef43d7fc6e9fdec\",\n  \"requestBody\": {\n    \"response\": \"accept\"\n  },\n  \"queryParameters\": {}\n}","service":"request-logging"}
{"level":"info","message":"{\n  \"timestamp\": \"2024-01-30T18:30:00.634Z\",\n  \"method\": \"POST\",\n  \"url\": \"/api/users/signin\",\n  \"requestBody\": {\n    \"email\": \"MK@gmail.com\",\n    \"password\": \"MK@123\"\n  },\n  \"queryParameters\": {}\n}","service":"request-logging"}
{"level":"info","message":"{\n  \"timestamp\": \"2024-01-30T18:30:05.606Z\",\n  \"method\": \"POST\",\n  \"url\": \"/api/friends/toggle-friendship/65b933dc2ef43d7fc6e9fdec\",\n  \"requestBody\": {\n    \"response\": \"accept\"\n  },\n  \"queryParameters\": {}\n}","service":"request-logging"}
{"level":"info","message":"{\n  \"timestamp\": \"2024-01-30T18:30:37.969Z\",\n  \"method\": \"POST\",\n  \"url\": \"/api/friends/toggle-friendship/65b934152ef43d7fc6e9fdf2\",\n  \"requestBody\": {\n    \"response\": \"accept\"\n  },\n  \"queryParameters\": {}\n}","service":"request-logging"}
{"level":"info","message":"{\n  \"timestamp\": \"2024-01-30T18:31:06.135Z\",\n  \"method\": \"POST\",\n  \"url\": \"/api/friends/toggle-friendship/65b934152ef43d7fc6e9fdf2\",\n  \"requestBody\": {\n    \"response\": \"accept\"\n  },\n  \"queryParameters\": {}\n}","service":"request-logging"}
{"level":"info","message":"{\n  \"timestamp\": \"2024-01-30T18:32:18.832Z\",\n  \"method\": \"POST\",\n  \"url\": \"/api/users/signin\",\n  \"requestBody\": {\n    \"email\": \"MK@gmail.com\",\n    \"password\": \"MK@123\"\n  },\n  \"queryParameters\": {}\n}","service":"request-logging"}
{"level":"info","message":"{\n  \"timestamp\": \"2024-01-30T18:32:22.693Z\",\n  \"method\": \"POST\",\n  \"url\": \"/api/friends/toggle-friendship/65b934152ef43d7fc6e9fdf2\",\n  \"requestBody\": {\n    \"response\": \"accept\"\n  },\n  \"queryParameters\": {}\n}","service":"request-logging"}
{"level":"info","message":"{\n  \"timestamp\": \"2024-01-30T18:33:49.605Z\",\n  \"method\": \"POST\",\n  \"url\": \"/api/users/signin\",\n  \"requestBody\": {\n    \"email\": \"MK@gmail.com\",\n    \"password\": \"MK@123\"\n  },\n  \"queryParameters\": {}\n}","service":"request-logging"}
{"level":"info","message":"{\n  \"timestamp\": \"2024-01-30T18:33:53.474Z\",\n  \"method\": \"POST\",\n  \"url\": \"/api/friends/toggle-friendship/65b934152ef43d7fc6e9fdf2\",\n  \"requestBody\": {\n    \"response\": \"accept\"\n  },\n  \"queryParameters\": {}\n}","service":"request-logging"}
{"level":"info","message":"{\n  \"timestamp\": \"2024-01-30T18:36:24.910Z\",\n  \"method\": \"POST\",\n  \"url\": \"/api/users/signin\",\n  \"requestBody\": {\n    \"email\": \"MK@gmail.com\",\n    \"password\": \"MK@123\"\n  },\n  \"queryParameters\": {}\n}","service":"request-logging"}
{"level":"info","message":"{\n  \"timestamp\": \"2024-01-30T18:36:28.690Z\",\n  \"method\": \"POST\",\n  \"url\": \"/api/friends/toggle-friendship/65b934152ef43d7fc6e9fdf2\",\n  \"requestBody\": {\n    \"response\": \"accept\"\n  },\n  \"queryParameters\": {}\n}","service":"request-logging"}
{"level":"info","message":"{\n  \"timestamp\": \"2024-01-30T18:39:15.770Z\",\n  \"method\": \"POST\",\n  \"url\": \"/api/users/signin\",\n  \"requestBody\": {\n    \"email\": \"MK@gmail.com\",\n    \"password\": \"MK@123\"\n  },\n  \"queryParameters\": {}\n}","service":"request-logging"}
{"level":"info","message":"{\n  \"timestamp\": \"2024-01-30T18:39:19.859Z\",\n  \"method\": \"POST\",\n  \"url\": \"/api/friends/toggle-friendship/65b934152ef43d7fc6e9fdf2\",\n  \"requestBody\": {\n    \"response\": \"accept\"\n  },\n  \"queryParameters\": {}\n}","service":"request-logging"}
{"level":"info","message":"{\n  \"timestamp\": \"2024-01-30T18:40:06.722Z\",\n  \"method\": \"POST\",\n  \"url\": \"/api/users/signin\",\n  \"requestBody\": {\n    \"email\": \"MK@gmail.com\",\n    \"password\": \"MK@123\"\n  },\n  \"queryParameters\": {}\n}","service":"request-logging"}
{"level":"info","message":"{\n  \"timestamp\": \"2024-01-30T18:40:10.072Z\",\n  \"method\": \"POST\",\n  \"url\": \"/api/friends/toggle-friendship/65b934152ef43d7fc6e9fdf2\",\n  \"requestBody\": {\n    \"response\": \"accept\"\n  },\n  \"queryParameters\": {}\n}","service":"request-logging"}
{"level":"info","message":"{\n  \"timestamp\": \"2024-01-30T18:40:39.489Z\",\n  \"method\": \"POST\",\n  \"url\": \"/api/users/signin\",\n  \"requestBody\": {\n    \"email\": \"MK@gmail.com\",\n    \"password\": \"MK@123\"\n  },\n  \"queryParameters\": {}\n}","service":"request-logging"}
{"level":"info","message":"{\n  \"timestamp\": \"2024-01-30T18:40:43.027Z\",\n  \"method\": \"POST\",\n  \"url\": \"/api/friends/toggle-friendship/65b934152ef43d7fc6e9fdf2\",\n  \"requestBody\": {\n    \"response\": \"accept\"\n  },\n  \"queryParameters\": {}\n}","service":"request-logging"}
{"level":"info","message":"{\n  \"timestamp\": \"2024-01-30T18:50:39.171Z\",\n  \"method\": \"POST\",\n  \"url\": \"/api/users/signin\",\n  \"requestBody\": {\n    \"email\": \"MK@gmail.com\",\n    \"password\": \"MK@123\"\n  },\n  \"queryParameters\": {}\n}","service":"request-logging"}
{"level":"info","message":"{\n  \"timestamp\": \"2024-01-30T18:50:48.107Z\",\n  \"method\": \"POST\",\n  \"url\": \"/api/friends/toggle-friendship/65b933dc2ef43d7fc6e9fdec\",\n  \"requestBody\": {\n    \"response\": \"accept\"\n  },\n  \"queryParameters\": {}\n}","service":"request-logging"}
{"level":"info","message":"{\n  \"timestamp\": \"2024-01-30T18:56:07.836Z\",\n  \"method\": \"POST\",\n  \"url\": \"/api/users/signin\",\n  \"requestBody\": {\n    \"email\": \"MK@gmail.com\",\n    \"password\": \"MK@123\"\n  },\n  \"queryParameters\": {}\n}","service":"request-logging"}
{"level":"info","message":"{\n  \"timestamp\": \"2024-01-30T18:56:17.727Z\",\n  \"method\": \"POST\",\n  \"url\": \"/api/friends/toggle-friendship/65b933dc2ef43d7fc6e9fdec\",\n  \"requestBody\": {\n    \"response\": \"accept\"\n  },\n  \"queryParameters\": {}\n}","service":"request-logging"}
{"level":"info","message":"{\n  \"timestamp\": \"2024-01-31T05:45:09.219Z\",\n  \"method\": \"POST\",\n  \"url\": \"/api/users/signin\",\n  \"requestBody\": {\n    \"email\": \"MK@gmail.com\",\n    \"password\": \"MK@123\"\n  },\n  \"queryParameters\": {}\n}","service":"request-logging"}
{"level":"info","message":"{\n  \"timestamp\": \"2024-01-31T05:45:20.925Z\",\n  \"method\": \"POST\",\n  \"url\": \"/api/friends/toggle-friendship/65b934152ef43d7fc6e9fdf2\",\n  \"requestBody\": {\n    \"response\": \"accept\"\n  },\n  \"queryParameters\": {}\n}","service":"request-logging"}
{"level":"info","message":"{\n  \"timestamp\": \"2024-01-31T05:46:54.321Z\",\n  \"method\": \"POST\",\n  \"url\": \"/api/users/signin\",\n  \"requestBody\": {\n    \"email\": \"MK@gmail.com\",\n    \"password\": \"MK@123\"\n  },\n  \"queryParameters\": {}\n}","service":"request-logging"}
{"level":"info","message":"{\n  \"timestamp\": \"2024-01-31T05:46:58.383Z\",\n  \"method\": \"POST\",\n  \"url\": \"/api/friends/toggle-friendship/65b934152ef43d7fc6e9fdf2\",\n  \"requestBody\": {\n    \"response\": \"accept\"\n  },\n  \"queryParameters\": {}\n}","service":"request-logging"}
{"level":"info","message":"{\n  \"timestamp\": \"2024-01-31T05:49:14.169Z\",\n  \"method\": \"POST\",\n  \"url\": \"/api/users/signin\",\n  \"requestBody\": {\n    \"email\": \"MK@gmail.com\",\n    \"password\": \"MK@123\"\n  },\n  \"queryParameters\": {}\n}","service":"request-logging"}
{"level":"info","message":"{\n  \"timestamp\": \"2024-01-31T05:49:17.904Z\",\n  \"method\": \"POST\",\n  \"url\": \"/api/friends/toggle-friendship/65b934152ef43d7fc6e9fdf2\",\n  \"requestBody\": {\n    \"response\": \"accept\"\n  },\n  \"queryParameters\": {}\n}","service":"request-logging"}
{"level":"info","message":"{\n  \"timestamp\": \"2024-01-31T05:51:35.357Z\",\n  \"method\": \"POST\",\n  \"url\": \"/api/users/signin\",\n  \"requestBody\": {\n    \"email\": \"MK@gmail.com\",\n    \"password\": \"MK@123\"\n  },\n  \"queryParameters\": {}\n}","service":"request-logging"}
{"level":"info","message":"{\n  \"timestamp\": \"2024-01-31T05:51:38.733Z\",\n  \"method\": \"POST\",\n  \"url\": \"/api/friends/toggle-friendship/65b934152ef43d7fc6e9fdf2\",\n  \"requestBody\": {\n    \"response\": \"accept\"\n  },\n  \"queryParameters\": {}\n}","service":"request-logging"}
{"level":"info","message":"{\n  \"timestamp\": \"2024-01-31T05:52:10.294Z\",\n  \"method\": \"POST\",\n  \"url\": \"/api/users/signin\",\n  \"requestBody\": {\n    \"email\": \"MK@gmail.com\",\n    \"password\": \"MK@123\"\n  },\n  \"queryParameters\": {}\n}","service":"request-logging"}
{"level":"info","message":"{\n  \"timestamp\": \"2024-01-31T05:52:14.311Z\",\n  \"method\": \"POST\",\n  \"url\": \"/api/friends/toggle-friendship/65b934152ef43d7fc6e9fdf2\",\n  \"requestBody\": {\n    \"response\": \"accept\"\n  },\n  \"queryParameters\": {}\n}","service":"request-logging"}
{"level":"info","message":"{\n  \"timestamp\": \"2024-01-31T05:56:06.410Z\",\n  \"method\": \"POST\",\n  \"url\": \"/api/users/signin\",\n  \"requestBody\": {\n    \"email\": \"MK@gmail.com\",\n    \"password\": \"MK@123\"\n  },\n  \"queryParameters\": {}\n}","service":"request-logging"}
{"level":"info","message":"{\n  \"timestamp\": \"2024-01-31T05:56:16.400Z\",\n  \"method\": \"POST\",\n  \"url\": \"/api/friends/toggle-friendship/65b934152ef43d7fc6e9fdf2\",\n  \"requestBody\": {\n    \"response\": \"accept\"\n  },\n  \"queryParameters\": {}\n}","service":"request-logging"}
{"level":"info","message":"{\n  \"timestamp\": \"2024-01-31T05:57:39.799Z\",\n  \"method\": \"POST\",\n  \"url\": \"/api/users/signin\",\n  \"requestBody\": {\n    \"email\": \"MK@gmail.com\",\n    \"password\": \"MK@123\"\n  },\n  \"queryParameters\": {}\n}","service":"request-logging"}
{"level":"info","message":"{\n  \"timestamp\": \"2024-01-31T05:57:43.698Z\",\n  \"method\": \"POST\",\n  \"url\": \"/api/friends/toggle-friendship/65b934152ef43d7fc6e9fdf2\",\n  \"requestBody\": {\n    \"response\": \"accept\"\n  },\n  \"queryParameters\": {}\n}","service":"request-logging"}
{"level":"info","message":"{\n  \"timestamp\": \"2024-01-31T05:58:55.539Z\",\n  \"method\": \"POST\",\n  \"url\": \"/api/users/signin\",\n  \"requestBody\": {\n    \"email\": \"MK@gmail.com\",\n    \"password\": \"MK@123\"\n  },\n  \"queryParameters\": {}\n}","service":"request-logging"}
{"level":"info","message":"{\n  \"timestamp\": \"2024-01-31T05:58:59.407Z\",\n  \"method\": \"POST\",\n  \"url\": \"/api/friends/toggle-friendship/65b934152ef43d7fc6e9fdf2\",\n  \"requestBody\": {\n    \"response\": \"accept\"\n  },\n  \"queryParameters\": {}\n}","service":"request-logging"}
{"level":"info","message":"{\n  \"timestamp\": \"2024-01-31T06:09:11.583Z\",\n  \"method\": \"POST\",\n  \"url\": \"/api/users/signin\",\n  \"requestBody\": {\n    \"email\": \"MK@gmail.com\",\n    \"password\": \"MK@123\"\n  },\n  \"queryParameters\": {}\n}","service":"request-logging"}
{"level":"info","message":"{\n  \"timestamp\": \"2024-01-31T06:09:16.511Z\",\n  \"method\": \"POST\",\n  \"url\": \"/api/friends/toggle-friendship/65b934042ef43d7fc6e9fdf0\",\n  \"requestBody\": {\n    \"response\": \"accept\"\n  },\n  \"queryParameters\": {}\n}","service":"request-logging"}
{"level":"info","message":"{\n  \"timestamp\": \"2024-01-31T06:10:11.638Z\",\n  \"method\": \"POST\",\n  \"url\": \"/api/users/signin\",\n  \"requestBody\": {\n    \"email\": \"MK@gmail.com\",\n    \"password\": \"MK@123\"\n  },\n  \"queryParameters\": {}\n}","service":"request-logging"}
{"level":"info","message":"{\n  \"timestamp\": \"2024-01-31T06:10:18.971Z\",\n  \"method\": \"POST\",\n  \"url\": \"/api/friends/toggle-friendship/65b934042ef43d7fc6e9fdf0\",\n  \"requestBody\": {\n    \"response\": \"accept\"\n  },\n  \"queryParameters\": {}\n}","service":"request-logging"}
{"level":"info","message":"{\n  \"timestamp\": \"2024-01-31T06:20:44.100Z\",\n  \"method\": \"POST\",\n  \"url\": \"/api/users/signin\",\n  \"requestBody\": {\n    \"email\": \"MK@gmail.com\",\n    \"password\": \"MK@123\"\n  },\n  \"queryParameters\": {}\n}","service":"request-logging"}
{"level":"info","message":"{\n  \"timestamp\": \"2024-01-31T06:20:48.379Z\",\n  \"method\": \"POST\",\n  \"url\": \"/api/friends/toggle-friendship/65b934152ef43d7fc6e9fdf2\",\n  \"requestBody\": {\n    \"response\": \"accept\"\n  },\n  \"queryParameters\": {}\n}","service":"request-logging"}
{"level":"info","message":"{\n  \"timestamp\": \"2024-01-31T06:23:17.111Z\",\n  \"method\": \"POST\",\n  \"url\": \"/api/users/signin\",\n  \"requestBody\": {\n    \"email\": \"MK@gmail.com\",\n    \"password\": \"MK@123\"\n  },\n  \"queryParameters\": {}\n}","service":"request-logging"}
{"level":"info","message":"{\n  \"timestamp\": \"2024-01-31T06:23:23.502Z\",\n  \"method\": \"POST\",\n  \"url\": \"/api/friends/toggle-friendship/65b934152ef43d7fc6e9fdf2\",\n  \"requestBody\": {\n    \"response\": \"accept\"\n  },\n  \"queryParameters\": {}\n}","service":"request-logging"}
{"level":"info","message":"{\n  \"timestamp\": \"2024-01-31T06:34:16.392Z\",\n  \"method\": \"POST\",\n  \"url\": \"/api/users/signin\",\n  \"requestBody\": {\n    \"email\": \"MK@gmail.com\",\n    \"password\": \"MK@123\"\n  },\n  \"queryParameters\": {}\n}","service":"request-logging"}
{"level":"info","message":"{\n  \"timestamp\": \"2024-01-31T06:34:25.455Z\",\n  \"method\": \"POST\",\n  \"url\": \"/api/friends/toggle-friendship/65b934042ef43d7fc6e9fdf0\",\n  \"requestBody\": {\n    \"response\": \"accept\"\n  },\n  \"queryParameters\": {}\n}","service":"request-logging"}
{"level":"info","message":"{\n  \"timestamp\": \"2024-01-31T06:38:06.368Z\",\n  \"method\": \"POST\",\n  \"url\": \"/api/users/signin\",\n  \"requestBody\": {\n    \"email\": \"MK@gmail.com\",\n    \"password\": \"MK@123\"\n  },\n  \"queryParameters\": {}\n}","service":"request-logging"}
{"level":"info","message":"{\n  \"timestamp\": \"2024-01-31T06:38:33.174Z\",\n  \"method\": \"POST\",\n  \"url\": \"/api/friends/toggle-friendship/65b933dc2ef43d7fc6e9fdec\",\n  \"requestBody\": {\n    \"response\": \"accept\"\n  },\n  \"queryParameters\": {}\n}","service":"request-logging"}
{"level":"info","message":"{\n  \"timestamp\": \"2024-01-31T06:39:50.953Z\",\n  \"method\": \"POST\",\n  \"url\": \"/api/users/signup\",\n  \"requestBody\": {\n    \"username\": \"JK\",\n    \"email\": \"JK@gmail.com\",\n    \"password\": \"JK@123\"\n  },\n  \"queryParameters\": {}\n}","service":"request-logging"}
{"level":"info","message":"{\n  \"timestamp\": \"2024-01-31T06:40:17.076Z\",\n  \"method\": \"POST\",\n  \"url\": \"/api/users/signin\",\n  \"requestBody\": {\n    \"email\": \"MK@gmail.com\",\n    \"password\": \"MK@123\"\n  },\n  \"queryParameters\": {}\n}","service":"request-logging"}
{"level":"info","message":"{\n  \"timestamp\": \"2024-01-31T06:40:28.429Z\",\n  \"method\": \"POST\",\n  \"url\": \"/api/friends/toggle-friendship/65b9eb3768297717f8478a57\",\n  \"requestBody\": {\n    \"response\": \"accept\"\n  },\n  \"queryParameters\": {}\n}","service":"request-logging"}
{"level":"info","message":"{\n  \"timestamp\": \"2024-01-31T06:43:23.017Z\",\n  \"method\": \"POST\",\n  \"url\": \"/api/users/signup\",\n  \"requestBody\": {\n    \"username\": \"PK\",\n    \"email\": \"PK@gmail.com\",\n    \"password\": \"PK@123\"\n  },\n  \"queryParameters\": {}\n}","service":"request-logging"}
{"level":"info","message":"{\n  \"timestamp\": \"2024-01-31T06:43:34.441Z\",\n  \"method\": \"POST\",\n  \"url\": \"/api/users/signin\",\n  \"requestBody\": {\n    \"email\": \"MK@gmail.com\",\n    \"password\": \"MK@123\"\n  },\n  \"queryParameters\": {}\n}","service":"request-logging"}
{"level":"info","message":"{\n  \"timestamp\": \"2024-01-31T06:43:42.958Z\",\n  \"method\": \"POST\",\n  \"url\": \"/api/friends/toggle-friendship/65b9ec0b9ccd1f19f0b40aa1\",\n  \"requestBody\": {\n    \"response\": \"accept\"\n  },\n  \"queryParameters\": {}\n}","service":"request-logging"}
{"level":"info","message":"{\n  \"timestamp\": \"2024-01-31T06:49:04.896Z\",\n  \"method\": \"POST\",\n  \"url\": \"/api/users/signup\",\n  \"requestBody\": {\n    \"username\": \"KK\",\n    \"email\": \"KK@gmail.com\",\n    \"password\": \"KK@123\"\n  },\n  \"queryParameters\": {}\n}","service":"request-logging"}
{"level":"info","message":"{\n  \"timestamp\": \"2024-01-31T06:49:08.780Z\",\n  \"method\": \"POST\",\n  \"url\": \"/api/users/signin\",\n  \"requestBody\": {\n    \"email\": \"MK@gmail.com\",\n    \"password\": \"MK@123\"\n  },\n  \"queryParameters\": {}\n}","service":"request-logging"}
{"level":"info","message":"{\n  \"timestamp\": \"2024-01-31T06:49:23.809Z\",\n  \"method\": \"POST\",\n  \"url\": \"/api/friends/toggle-friendship/65b9ed6154e2232b6c668027\",\n  \"requestBody\": {\n    \"response\": \"accept\"\n  },\n  \"queryParameters\": {}\n}","service":"request-logging"}
{"level":"info","message":"{\n  \"timestamp\": \"2024-01-31T06:49:56.315Z\",\n  \"method\": \"POST\",\n  \"url\": \"/api/friends/toggle-friendship/65b9ed6154e2232b6c668027\",\n  \"requestBody\": {\n    \"response\": \"accept\"\n  },\n  \"queryParameters\": {}\n}","service":"request-logging"}
{"level":"info","message":"{\n  \"timestamp\": \"2024-01-31T06:54:38.829Z\",\n  \"method\": \"POST\",\n  \"url\": \"/api/users/signup\",\n  \"requestBody\": {\n    \"username\": \"OK\",\n    \"email\": \"OK@gmail.com\",\n    \"password\": \"OK@123\"\n  },\n  \"queryParameters\": {}\n}","service":"request-logging"}
{"level":"info","message":"{\n  \"timestamp\": \"2024-01-31T06:54:44.457Z\",\n  \"method\": \"POST\",\n  \"url\": \"/api/users/signin\",\n  \"requestBody\": {\n    \"email\": \"MK@gmail.com\",\n    \"password\": \"MK@123\"\n  },\n  \"queryParameters\": {}\n}","service":"request-logging"}
{"level":"info","message":"{\n  \"timestamp\": \"2024-01-31T06:55:01.956Z\",\n  \"method\": \"POST\",\n  \"url\": \"/api/friends/toggle-friendship/65b9eeaf14ded8e137e80c34\",\n  \"requestBody\": {\n    \"response\": \"accept\"\n  },\n  \"queryParameters\": {}\n}","service":"request-logging"}
{"level":"info","message":"{\n  \"timestamp\": \"2024-01-31T06:55:05.140Z\",\n  \"method\": \"POST\",\n  \"url\": \"/api/friends/toggle-friendship/65b9eeaf14ded8e137e80c34\",\n  \"requestBody\": {\n    \"response\": \"accept\"\n  },\n  \"queryParameters\": {}\n}","service":"request-logging"}
{"level":"info","message":"{\n  \"timestamp\": \"2024-01-31T06:57:17.183Z\",\n  \"method\": \"POST\",\n  \"url\": \"/api/users/signup\",\n  \"requestBody\": {\n    \"username\": \"QK\",\n    \"email\": \"QK@gmail.com\",\n    \"password\": \"QK@123\"\n  },\n  \"queryParameters\": {}\n}","service":"request-logging"}
{"level":"info","message":"{\n  \"timestamp\": \"2024-01-31T06:57:24.163Z\",\n  \"method\": \"POST\",\n  \"url\": \"/api/users/signin\",\n  \"requestBody\": {\n    \"email\": \"MK@gmail.com\",\n    \"password\": \"MK@123\"\n  },\n  \"queryParameters\": {}\n}","service":"request-logging"}
{"level":"info","message":"{\n  \"timestamp\": \"2024-01-31T06:57:41.710Z\",\n  \"method\": \"POST\",\n  \"url\": \"/api/friends/toggle-friendship/65b9ef4da984edff5abe22ae\",\n  \"requestBody\": {\n    \"response\": \"accept\"\n  },\n  \"queryParameters\": {}\n}","service":"request-logging"}
{"level":"info","message":"{\n  \"timestamp\": \"2024-01-31T06:58:11.348Z\",\n  \"method\": \"POST\",\n  \"url\": \"/api/friends/toggle-friendship/65b9ef4da984edff5abe22ae\",\n  \"requestBody\": {\n    \"response\": \"accept\"\n  },\n  \"queryParameters\": {}\n}","service":"request-logging"}
{"level":"info","message":"{\n  \"timestamp\": \"2024-01-31T07:00:54.624Z\",\n  \"method\": \"POST\",\n  \"url\": \"/api/users/signin\",\n  \"requestBody\": {\n    \"email\": \"OK@gmail.com\",\n    \"password\": \"OK@123\"\n  },\n  \"queryParameters\": {}\n}","service":"request-logging"}
{"level":"info","message":"{\n  \"timestamp\": \"2024-01-31T07:01:19.703Z\",\n  \"method\": \"POST\",\n  \"url\": \"/api/friends/toggle-friendship/65b9ef4da984edff5abe22ae\",\n  \"requestBody\": {\n    \"response\": \"accept\"\n  },\n  \"queryParameters\": {}\n}","service":"request-logging"}
{"level":"info","message":"{\n  \"timestamp\": \"2024-01-31T07:02:29.625Z\",\n  \"method\": \"POST\",\n  \"url\": \"/api/users/signin\",\n  \"requestBody\": {\n    \"email\": \"JK@gmail.com\",\n    \"password\": \"JK@123\"\n  },\n  \"queryParameters\": {}\n}","service":"request-logging"}
{"level":"info","message":"{\n  \"timestamp\": \"2024-01-31T07:03:15.921Z\",\n  \"method\": \"POST\",\n  \"url\": \"/api/friends/toggle-friendship/65b9ef4da984edff5abe22ae\",\n  \"requestBody\": {\n    \"response\": \"accept\"\n  },\n  \"queryParameters\": {}\n}","service":"request-logging"}
{"level":"info","message":"{\n  \"timestamp\": \"2024-01-31T07:04:24.996Z\",\n  \"method\": \"POST\",\n  \"url\": \"/api/friends/toggle-friendship/65b9ef4da984edff5abe22ae\",\n  \"requestBody\": {\n    \"response\": \"accept\"\n  },\n  \"queryParameters\": {}\n}","service":"request-logging"}
{"level":"info","message":"{\n  \"timestamp\": \"2024-01-31T07:55:35.433Z\",\n  \"method\": \"POST\",\n  \"url\": \"/api/users/signup\",\n  \"requestBody\": {\n    \"username\": \"WK\",\n    \"email\": \"WK@gmail.com\",\n    \"password\": \"WK@123\"\n  },\n  \"queryParameters\": {}\n}","service":"request-logging"}
{"level":"info","message":"{\n  \"timestamp\": \"2024-01-31T07:55:41.259Z\",\n  \"method\": \"POST\",\n  \"url\": \"/api/users/signin\",\n  \"requestBody\": {\n    \"email\": \"JK@gmail.com\",\n    \"password\": \"JK@123\"\n  },\n  \"queryParameters\": {}\n}","service":"request-logging"}
{"level":"info","message":"{\n  \"timestamp\": \"2024-01-31T07:56:09.058Z\",\n  \"method\": \"POST\",\n  \"url\": \"/api/friends/toggle-friendship/65b9fcf7f426dc5e41f449b4\",\n  \"requestBody\": {\n    \"response\": \"accept\"\n  },\n  \"queryParameters\": {}\n}","service":"request-logging"}
{"level":"info","message":"{\n  \"timestamp\": \"2024-01-31T07:57:29.523Z\",\n  \"method\": \"POST\",\n  \"url\": \"/api/friends/response-to-request/65b9fcf7f426dc5e41f449b4\",\n  \"requestBody\": {\n    \"response\": \"reject\"\n  },\n  \"queryParameters\": {}\n}","service":"request-logging"}
{"level":"info","message":"{\n  \"timestamp\": \"2024-01-31T08:04:53.646Z\",\n  \"method\": \"POST\",\n  \"url\": \"/api/friends/response-to-request/65b9fcf7f426dc5e41f449b4\",\n  \"requestBody\": {\n    \"response\": \"reject\"\n  },\n  \"queryParameters\": {}\n}","service":"request-logging"}
{"level":"info","message":"{\n  \"timestamp\": \"2024-01-31T08:04:58.663Z\",\n  \"method\": \"POST\",\n  \"url\": \"/api/users/signin\",\n  \"requestBody\": {\n    \"email\": \"JK@gmail.com\",\n    \"password\": \"JK@123\"\n  },\n  \"queryParameters\": {}\n}","service":"request-logging"}
{"level":"info","message":"{\n  \"timestamp\": \"2024-01-31T08:05:02.174Z\",\n  \"method\": \"POST\",\n  \"url\": \"/api/friends/response-to-request/65b9fcf7f426dc5e41f449b4\",\n  \"requestBody\": {\n    \"response\": \"reject\"\n  },\n  \"queryParameters\": {}\n}","service":"request-logging"}
{"level":"info","message":"{\n  \"timestamp\": \"2024-01-31T08:06:07.701Z\",\n  \"method\": \"POST\",\n  \"url\": \"/api/users/signin\",\n  \"requestBody\": {\n    \"email\": \"JK@gmail.com\",\n    \"password\": \"JK@123\"\n  },\n  \"queryParameters\": {}\n}","service":"request-logging"}
{"level":"info","message":"{\n  \"timestamp\": \"2024-01-31T08:06:11.356Z\",\n  \"method\": \"POST\",\n  \"url\": \"/api/friends/response-to-request/65b9fcf7f426dc5e41f449b4\",\n  \"requestBody\": {\n    \"response\": \"reject\"\n  },\n  \"queryParameters\": {}\n}","service":"request-logging"}
{"level":"info","message":"{\n  \"timestamp\": \"2024-01-31T08:07:59.957Z\",\n  \"method\": \"POST\",\n  \"url\": \"/api/users/signin\",\n  \"requestBody\": {\n    \"email\": \"OK@gmail.com\",\n    \"password\": \"OK@123\"\n  },\n  \"queryParameters\": {}\n}","service":"request-logging"}
{"level":"info","message":"{\n  \"timestamp\": \"2024-01-31T08:08:05.723Z\",\n  \"method\": \"POST\",\n  \"url\": \"/api/friends/response-to-request/65b9fcf7f426dc5e41f449b4\",\n  \"requestBody\": {\n    \"response\": \"reject\"\n  },\n  \"queryParameters\": {}\n}","service":"request-logging"}
{"level":"info","message":"{\n  \"timestamp\": \"2024-01-31T08:08:44.327Z\",\n  \"method\": \"POST\",\n  \"url\": \"/api/users/signin\",\n  \"requestBody\": {\n    \"email\": \"OK@gmail.com\",\n    \"password\": \"OK@123\"\n  },\n  \"queryParameters\": {}\n}","service":"request-logging"}
{"level":"info","message":"{\n  \"timestamp\": \"2024-01-31T08:08:48.167Z\",\n  \"method\": \"POST\",\n  \"url\": \"/api/friends/response-to-request/65b9ef4da984edff5abe22ae\",\n  \"requestBody\": {\n    \"response\": \"reject\"\n  },\n  \"queryParameters\": {}\n}","service":"request-logging"}
{"level":"info","message":"{\n  \"timestamp\": \"2024-01-31T08:10:10.667Z\",\n  \"method\": \"POST\",\n  \"url\": \"/api/users/signin\",\n  \"requestBody\": {\n    \"email\": \"OK@gmail.com\",\n    \"password\": \"OK@123\"\n  },\n  \"queryParameters\": {}\n}","service":"request-logging"}
{"level":"info","message":"{\n  \"timestamp\": \"2024-01-31T08:10:16.895Z\",\n  \"method\": \"POST\",\n  \"url\": \"/api/friends/response-to-request/65b9ef4da984edff5abe22ae\",\n  \"requestBody\": {\n    \"response\": \"reject\"\n  },\n  \"queryParameters\": {}\n}","service":"request-logging"}
{"level":"info","message":"{\n  \"timestamp\": \"2024-01-31T08:14:44.514Z\",\n  \"method\": \"POST\",\n  \"url\": \"/api/users/signin\",\n  \"requestBody\": {\n    \"email\": \"OK@gmail.com\",\n    \"password\": \"OK@123\"\n  },\n  \"queryParameters\": {}\n}","service":"request-logging"}
{"level":"info","message":"{\n  \"timestamp\": \"2024-01-31T08:14:48.420Z\",\n  \"method\": \"POST\",\n  \"url\": \"/api/friends/response-to-request/65b9ef4da984edff5abe22ae\",\n  \"requestBody\": {\n    \"response\": \"reject\"\n  },\n  \"queryParameters\": {}\n}","service":"request-logging"}
{"level":"info","message":"{\n  \"timestamp\": \"2024-01-31T08:22:28.679Z\",\n  \"method\": \"POST\",\n  \"url\": \"/api/users/signin\",\n  \"requestBody\": {\n    \"email\": \"MK@gmail.com\",\n    \"password\": \"MK@123\"\n  },\n  \"queryParameters\": {}\n}","service":"request-logging"}
{"level":"info","message":"{\n  \"timestamp\": \"2024-01-31T08:23:41.773Z\",\n  \"method\": \"GET\",\n  \"url\": \"/api/friends/get-friends/65b933f72ef43d7fc6e9fdee\",\n  \"requestBody\": {\n    \"response\": \"reject\"\n  },\n  \"queryParameters\": {}\n}","service":"request-logging"}
{"level":"info","message":"{\n  \"timestamp\": \"2024-01-31T08:38:10.923Z\",\n  \"method\": \"POST\",\n  \"url\": \"/api/users/signin\",\n  \"requestBody\": {\n    \"email\": \"PK@gmail.com\",\n    \"password\": \"PK@123\"\n  },\n  \"queryParameters\": {}\n}","service":"request-logging"}
{"level":"info","message":"{\n  \"timestamp\": \"2024-01-31T08:38:57.371Z\",\n  \"method\": \"POST\",\n  \"url\": \"/api/friends/toggle-friendship/65b933dc2ef43d7fc6e9fdec\",\n  \"requestBody\": {\n    \"response\": \"reject\"\n  },\n  \"queryParameters\": {}\n}","service":"request-logging"}
{"level":"info","message":"{\n  \"timestamp\": \"2024-01-31T08:39:18.275Z\",\n  \"method\": \"POST\",\n  \"url\": \"/api/friends/toggle-friendship/65b933f72ef43d7fc6e9fdee\",\n  \"requestBody\": {\n    \"response\": \"reject\"\n  },\n  \"queryParameters\": {}\n}","service":"request-logging"}
{"level":"info","message":"{\n  \"timestamp\": \"2024-01-31T08:40:02.722Z\",\n  \"method\": \"POST\",\n  \"url\": \"/api/friends/get-pending-requests\",\n  \"requestBody\": {\n    \"response\": \"reject\"\n  },\n  \"queryParameters\": {}\n}","service":"request-logging"}
{"level":"info","message":"{\n  \"timestamp\": \"2024-01-31T08:41:11.466Z\",\n  \"method\": \"POST\",\n  \"url\": \"/api/users/signin\",\n  \"requestBody\": {\n    \"email\": \"PK@gmail.com\",\n    \"password\": \"PK@123\"\n  },\n  \"queryParameters\": {}\n}","service":"request-logging"}
{"level":"info","message":"{\n  \"timestamp\": \"2024-01-31T08:41:16.062Z\",\n  \"method\": \"GET\",\n  \"url\": \"/api/friends/get-pending-requests\",\n  \"requestBody\": {\n    \"response\": \"reject\"\n  },\n  \"queryParameters\": {}\n}","service":"request-logging"}
{"level":"info","message":"{\n  \"timestamp\": \"2024-01-31T08:43:31.520Z\",\n  \"method\": \"POST\",\n  \"url\": \"/api/users/signin\",\n  \"requestBody\": {\n    \"email\": \"PK@gmail.com\",\n    \"password\": \"PK@123\"\n  },\n  \"queryParameters\": {}\n}","service":"request-logging"}
{"level":"info","message":"{\n  \"timestamp\": \"2024-01-31T08:43:35.106Z\",\n  \"method\": \"GET\",\n  \"url\": \"/api/friends/get-pending-requests\",\n  \"requestBody\": {\n    \"response\": \"reject\"\n  },\n  \"queryParameters\": {}\n}","service":"request-logging"}
{"level":"info","message":"{\n  \"timestamp\": \"2024-01-31T08:47:53.501Z\",\n  \"method\": \"POST\",\n  \"url\": \"/api/users/signin\",\n  \"requestBody\": {\n    \"email\": \"PK@gmail.com\",\n    \"password\": \"PK@123\"\n  },\n  \"queryParameters\": {}\n}","service":"request-logging"}
{"level":"info","message":"{\n  \"timestamp\": \"2024-01-31T08:47:57.238Z\",\n  \"method\": \"GET\",\n  \"url\": \"/api/friends/get-pending-requests\",\n  \"requestBody\": {\n    \"response\": \"reject\"\n  },\n  \"queryParameters\": {}\n}","service":"request-logging"}
{"level":"info","message":"{\n  \"timestamp\": \"2024-01-31T08:48:31.289Z\",\n  \"method\": \"POST\",\n  \"url\": \"/api/users/signin\",\n  \"requestBody\": {\n    \"email\": \"PK@gmail.com\",\n    \"password\": \"PK@123\"\n  },\n  \"queryParameters\": {}\n}","service":"request-logging"}
{"level":"info","message":"{\n  \"timestamp\": \"2024-01-31T08:48:34.305Z\",\n  \"method\": \"GET\",\n  \"url\": \"/api/friends/get-pending-requests\",\n  \"requestBody\": {\n    \"response\": \"reject\"\n  },\n  \"queryParameters\": {}\n}","service":"request-logging"}
{"level":"info","message":"{\n  \"timestamp\": \"2024-01-31T08:49:03.948Z\",\n  \"method\": \"POST\",\n  \"url\": \"/api/users/signin\",\n  \"requestBody\": {\n    \"email\": \"PK@gmail.com\",\n    \"password\": \"PK@123\"\n  },\n  \"queryParameters\": {}\n}","service":"request-logging"}
{"level":"info","message":"{\n  \"timestamp\": \"2024-01-31T08:49:08.881Z\",\n  \"method\": \"GET\",\n  \"url\": \"/api/friends/get-pending-requests\",\n  \"requestBody\": {\n    \"response\": \"reject\"\n  },\n  \"queryParameters\": {}\n}","service":"request-logging"}
{"level":"info","message":"{\n  \"timestamp\": \"2024-01-31T08:49:41.252Z\",\n  \"method\": \"POST\",\n  \"url\": \"/api/users/signin\",\n  \"requestBody\": {\n    \"email\": \"PK@gmail.com\",\n    \"password\": \"PK@123\"\n  },\n  \"queryParameters\": {}\n}","service":"request-logging"}
{"level":"info","message":"{\n  \"timestamp\": \"2024-01-31T08:49:45.169Z\",\n  \"method\": \"GET\",\n  \"url\": \"/api/friends/get-pending-requests\",\n  \"requestBody\": {\n    \"response\": \"reject\"\n  },\n  \"queryParameters\": {}\n}","service":"request-logging"}
{"level":"info","message":"{\n  \"timestamp\": \"2024-01-31T08:50:38.200Z\",\n  \"method\": \"POST\",\n  \"url\": \"/api/users/signin\",\n  \"requestBody\": {\n    \"email\": \"PK@gmail.com\",\n    \"password\": \"PK@123\"\n  },\n  \"queryParameters\": {}\n}","service":"request-logging"}
{"level":"info","message":"{\n  \"timestamp\": \"2024-01-31T08:50:42.201Z\",\n  \"method\": \"GET\",\n  \"url\": \"/api/friends/get-pending-requests\",\n  \"requestBody\": {\n    \"response\": \"reject\"\n  },\n  \"queryParameters\": {}\n}","service":"request-logging"}
{"level":"info","message":"{\n  \"timestamp\": \"2024-02-01T12:37:55.801Z\",\n  \"method\": \"POST\",\n  \"url\": \"/api/users/signup\",\n  \"requestBody\": {\n    \"username\": \"WK\",\n    \"email\": \"WK@gmail.com\",\n    \"password\": \"WK@123\"\n  },\n  \"queryParameters\": {}\n}","service":"request-logging"}
{"level":"info","message":"{\n  \"timestamp\": \"2024-02-01T12:38:10.156Z\",\n  \"method\": \"POST\",\n  \"url\": \"/api/users/signup\",\n  \"requestBody\": {\n    \"username\": \"MK\",\n    \"email\": \"MK@gmail.com\",\n    \"password\": \"MK@123\"\n  },\n  \"queryParameters\": {}\n}","service":"request-logging"}
{"level":"info","message":"{\n  \"timestamp\": \"2024-02-01T12:38:22.279Z\",\n  \"method\": \"POST\",\n  \"url\": \"/api/users/signup\",\n  \"requestBody\": {\n    \"username\": \"PK\",\n    \"email\": \"PK@gmail.com\",\n    \"password\": \"PK@123\"\n  },\n  \"queryParameters\": {}\n}","service":"request-logging"}
{"level":"info","message":"{\n  \"timestamp\": \"2024-02-01T12:38:27.757Z\",\n  \"method\": \"POST\",\n  \"url\": \"/api/users/signin\",\n  \"requestBody\": {\n    \"email\": \"PK@gmail.com\",\n    \"password\": \"PK@123\"\n  },\n  \"queryParameters\": {}\n}","service":"request-logging"}
{"level":"info","message":"{\n  \"timestamp\": \"2024-02-01T12:40:44.502Z\",\n  \"method\": \"POST\",\n  \"url\": \"/api/posts/\",\n  \"requestBody\": {\n    \"caption\": \"Black swan\",\n    \"imageUrl\": \"http:// www.gogle.com/jpf\"\n  },\n  \"queryParameters\": {}\n}","service":"request-logging"}
{"level":"info","message":"{\n  \"timestamp\": \"2024-02-01T12:41:38.720Z\",\n  \"method\": \"GET\",\n  \"url\": \"/api/posts/\",\n  \"requestBody\": {\n    \"caption\": \"Black swan\",\n    \"imageUrl\": \"http:// www.gogle.com/jpf\"\n  },\n  \"queryParameters\": {}\n}","service":"request-logging"}
{"level":"info","message":"{\n  \"timestamp\": \"2024-02-01T12:55:02.575Z\",\n  \"method\": \"POST\",\n  \"url\": \"/api/users/signin\",\n  \"requestBody\": {\n    \"email\": \"PK@gmail.com\",\n    \"password\": \"PK@123\"\n  },\n  \"queryParameters\": {}\n}","service":"request-logging"}
{"level":"info","message":"{\n  \"timestamp\": \"2024-02-01T12:55:15.771Z\",\n  \"method\": \"GET\",\n  \"url\": \"/api/posts/\",\n  \"requestBody\": {\n    \"caption\": \"Black swan\",\n    \"imageUrl\": \"http:// www.gogle.com/jpf\"\n  },\n  \"queryParameters\": {}\n}","service":"request-logging"}
{"level":"info","message":"{\n  \"timestamp\": \"2024-02-01T13:02:45.330Z\",\n  \"method\": \"POST\",\n  \"url\": \"/api/users/signin\",\n  \"requestBody\": {\n    \"email\": \"PK@gmail.com\",\n    \"password\": \"PK@123\"\n  },\n  \"queryParameters\": {}\n}","service":"request-logging"}
{"level":"info","message":"{\n  \"timestamp\": \"2024-02-01T13:02:52.236Z\",\n  \"method\": \"GET\",\n  \"url\": \"/api/posts/\",\n  \"requestBody\": {\n    \"caption\": \"Black swan\",\n    \"imageUrl\": \"http:// www.gogle.com/jpf\"\n  },\n  \"queryParameters\": {}\n}","service":"request-logging"}
{"level":"info","message":"{\n  \"timestamp\": \"2024-02-01T13:03:45.443Z\",\n  \"method\": \"POST\",\n  \"url\": \"/api/users/signin\",\n  \"requestBody\": {\n    \"email\": \"PK@gmail.com\",\n    \"password\": \"PK@123\"\n  },\n  \"queryParameters\": {}\n}","service":"request-logging"}
{"level":"info","message":"{\n  \"timestamp\": \"2024-02-01T13:03:48.852Z\",\n  \"method\": \"GET\",\n  \"url\": \"/api/posts/\",\n  \"requestBody\": {\n    \"caption\": \"Black swan\",\n    \"imageUrl\": \"http:// www.gogle.com/jpf\"\n  },\n  \"queryParameters\": {}\n}","service":"request-logging"}
{"level":"info","message":"{\n  \"timestamp\": \"2024-02-01T13:04:44.670Z\",\n  \"method\": \"POST\",\n  \"url\": \"/api/users/signin\",\n  \"requestBody\": {\n    \"email\": \"PK@gmail.com\",\n    \"password\": \"PK@123\"\n  },\n  \"queryParameters\": {}\n}","service":"request-logging"}
{"level":"info","message":"{\n  \"timestamp\": \"2024-02-01T13:04:48.077Z\",\n  \"method\": \"GET\",\n  \"url\": \"/api/posts/\",\n  \"requestBody\": {\n    \"caption\": \"Black swan\",\n    \"imageUrl\": \"http:// www.gogle.com/jpf\"\n  },\n  \"queryParameters\": {}\n}","service":"request-logging"}
{"level":"info","message":"{\n  \"timestamp\": \"2024-02-01T13:09:18.702Z\",\n  \"method\": \"GET\",\n  \"url\": \"/api/posts/65bb914c736d577ba0a4268f\",\n  \"requestBody\": {\n    \"caption\": \"Black swan\",\n    \"imageUrl\": \"http:// www.gogle.com/jpf\"\n  },\n  \"queryParameters\": {}\n}","service":"request-logging"}
{"level":"info","message":"{\n  \"timestamp\": \"2024-02-01T13:11:11.418Z\",\n  \"method\": \"GET\",\n  \"url\": \"/api/posts/65bb914c736d577ba0a4268f\",\n  \"requestBody\": {\n    \"caption\": \"Black swan\",\n    \"imageUrl\": \"http:// www.gogle.com/jpf\"\n  },\n  \"queryParameters\": {}\n}","service":"request-logging"}
{"level":"info","message":"{\n  \"timestamp\": \"2024-02-01T13:12:15.185Z\",\n  \"method\": \"GET\",\n  \"url\": \"/api/posts/65bb914c736d577ba0a4268f\",\n  \"requestBody\": {\n    \"caption\": \"Black swan\",\n    \"imageUrl\": \"http:// www.gogle.com/jpf\"\n  },\n  \"queryParameters\": {}\n}","service":"request-logging"}
{"level":"info","message":"{\n  \"timestamp\": \"2024-02-01T13:22:28.312Z\",\n  \"method\": \"POST\",\n  \"url\": \"/api/users/signin\",\n  \"requestBody\": {\n    \"email\": \"PK@gmail.com\",\n    \"password\": \"PK@123\"\n  },\n  \"queryParameters\": {}\n}","service":"request-logging"}
{"level":"info","message":"{\n  \"timestamp\": \"2024-02-01T13:22:58.977Z\",\n  \"method\": \"DELETE\",\n  \"url\": \"/api/posts/65bb914c736d577ba0a4268f\",\n  \"requestBody\": {\n    \"caption\": \"Black swan\",\n    \"imageUrl\": \"http:// www.gogle.com/jpf\"\n  },\n  \"queryParameters\": {}\n}","service":"request-logging"}
{"level":"info","message":"{\n  \"timestamp\": \"2024-02-01T13:24:06.629Z\",\n  \"method\": \"DELETE\",\n  \"url\": \"/api/posts/65bb914c736d577ba0a4268f\",\n  \"requestBody\": {\n    \"caption\": \"Black swan\",\n    \"imageUrl\": \"http:// www.gogle.com/jpf\"\n  },\n  \"queryParameters\": {}\n}","service":"request-logging"}
{"level":"info","message":"{\n  \"timestamp\": \"2024-02-01T13:26:09.569Z\",\n  \"method\": \"POST\",\n  \"url\": \"/api/users/signin\",\n  \"requestBody\": {\n    \"email\": \"PK@gmail.com\",\n    \"password\": \"PK@123\"\n  },\n  \"queryParameters\": {}\n}","service":"request-logging"}
{"level":"info","message":"{\n  \"timestamp\": \"2024-02-01T13:26:13.078Z\",\n  \"method\": \"POST\",\n  \"url\": \"/api/posts/65bb914c736d577ba0a4268f\",\n  \"requestBody\": {\n    \"caption\": \"Black swan\",\n    \"imageUrl\": \"http:// www.gogle.com/jpf\"\n  },\n  \"queryParameters\": {}\n}","service":"request-logging"}
{"level":"info","message":"{\n  \"timestamp\": \"2024-02-01T13:26:23.330Z\",\n  \"method\": \"POST\",\n  \"url\": \"/api/posts/\",\n  \"requestBody\": {\n    \"caption\": \"Black swan\",\n    \"imageUrl\": \"http:// www.gogle.com/jpf\"\n  },\n  \"queryParameters\": {}\n}","service":"request-logging"}
{"level":"info","message":"{\n  \"timestamp\": \"2024-02-01T13:26:43.345Z\",\n  \"method\": \"PUT\",\n  \"url\": \"/api/posts/65bb9bffb7df5566266a8fbf\",\n  \"requestBody\": {\n    \"caption\": \"Black swam\",\n    \"imageUrl\": \"http:// www.gogle.com/jpf\"\n  },\n  \"queryParameters\": {}\n}","service":"request-logging"}
{"level":"info","message":"{\n  \"timestamp\": \"2024-02-01T13:36:10.101Z\",\n  \"method\": \"POST\",\n  \"url\": \"/api/users/signin\",\n  \"requestBody\": {\n    \"email\": \"PK@gmail.com\",\n    \"password\": \"PK@123\"\n  },\n  \"queryParameters\": {}\n}","service":"request-logging"}
{"level":"info","message":"{\n  \"timestamp\": \"2024-02-01T13:36:39.312Z\",\n  \"method\": \"POST\",\n  \"url\": \"/api/comments/65bb9bffb7df5566266a8fbf\",\n  \"requestBody\": {\n    \"text\": \"Black Manba\"\n  },\n  \"queryParameters\": {}\n}","service":"request-logging"}
{"level":"info","message":"{\n  \"timestamp\": \"2024-02-01T13:39:22.891Z\",\n  \"method\": \"POST\",\n  \"url\": \"/api/users/signin\",\n  \"requestBody\": {\n    \"email\": \"PK@gmail.com\",\n    \"password\": \"PK@123\"\n  },\n  \"queryParameters\": {}\n}","service":"request-logging"}
{"level":"info","message":"{\n  \"timestamp\": \"2024-02-01T13:39:30.351Z\",\n  \"method\": \"POST\",\n  \"url\": \"/api/comments/65bb9bffb7df5566266a8fbf\",\n  \"requestBody\": {\n    \"text\": \"Black Manba\"\n  },\n  \"queryParameters\": {}\n}","service":"request-logging"}
{"level":"info","message":"{\n  \"timestamp\": \"2024-02-01T13:41:53.511Z\",\n  \"method\": \"POST\",\n  \"url\": \"/api/users/signin\",\n  \"requestBody\": {\n    \"email\": \"PK@gmail.com\",\n    \"password\": \"PK@123\"\n  },\n  \"queryParameters\": {}\n}","service":"request-logging"}
{"level":"info","message":"{\n  \"timestamp\": \"2024-02-01T13:41:57.788Z\",\n  \"method\": \"POST\",\n  \"url\": \"/api/comments/65bb9bffb7df5566266a8fbf\",\n  \"requestBody\": {\n    \"text\": \"Black Manba\"\n  },\n  \"queryParameters\": {}\n}","service":"request-logging"}
{"level":"info","message":"{\n  \"timestamp\": \"2024-02-01T13:43:47.072Z\",\n  \"method\": \"POST\",\n  \"url\": \"/api/users/signin\",\n  \"requestBody\": {\n    \"email\": \"PK@gmail.com\",\n    \"password\": \"PK@123\"\n  },\n  \"queryParameters\": {}\n}","service":"request-logging"}
{"level":"info","message":"{\n  \"timestamp\": \"2024-02-01T13:43:50.549Z\",\n  \"method\": \"POST\",\n  \"url\": \"/api/comments/65bb9bffb7df5566266a8fbf\",\n  \"requestBody\": {\n    \"text\": \"Black Manba\"\n  },\n  \"queryParameters\": {}\n}","service":"request-logging"}
{"level":"info","message":"{\n  \"timestamp\": \"2024-02-01T13:44:09.753Z\",\n  \"method\": \"POST\",\n  \"url\": \"/api/comments/65bb9bffb7df5566266a8fbf\",\n  \"requestBody\": {\n    \"text\": \"Black Manba\"\n  },\n  \"queryParameters\": {}\n}","service":"request-logging"}
{"level":"info","message":"{\n  \"timestamp\": \"2024-02-01T13:44:17.273Z\",\n  \"method\": \"POST\",\n  \"url\": \"/api/users/signin\",\n  \"requestBody\": {\n    \"email\": \"PK@gmail.com\",\n    \"password\": \"PK@123\"\n  },\n  \"queryParameters\": {}\n}","service":"request-logging"}
{"level":"info","message":"{\n  \"timestamp\": \"2024-02-01T13:44:21.984Z\",\n  \"method\": \"POST\",\n  \"url\": \"/api/comments/65bb9bffb7df5566266a8fbf\",\n  \"requestBody\": {\n    \"text\": \"Black Manba\"\n  },\n  \"queryParameters\": {}\n}","service":"request-logging"}
{"level":"info","message":"{\n  \"timestamp\": \"2024-02-01T13:44:56.266Z\",\n  \"method\": \"POST\",\n  \"url\": \"/api/users/signin\",\n  \"requestBody\": {\n    \"email\": \"PK@gmail.com\",\n    \"password\": \"PK@123\"\n  },\n  \"queryParameters\": {}\n}","service":"request-logging"}
{"level":"info","message":"{\n  \"timestamp\": \"2024-02-01T13:44:59.452Z\",\n  \"method\": \"POST\",\n  \"url\": \"/api/comments/65bb9bffb7df5566266a8fbf\",\n  \"requestBody\": {\n    \"text\": \"Black Manba\"\n  },\n  \"queryParameters\": {}\n}","service":"request-logging"}
{"level":"info","message":"{\n  \"timestamp\": \"2024-02-01T13:49:08.049Z\",\n  \"method\": \"POST\",\n  \"url\": \"/api/users/signin\",\n  \"requestBody\": {\n    \"email\": \"PK@gmail.com\",\n    \"password\": \"PK@123\"\n  },\n  \"queryParameters\": {}\n}","service":"request-logging"}
{"level":"info","message":"{\n  \"timestamp\": \"2024-02-01T13:49:13.705Z\",\n  \"method\": \"POST\",\n  \"url\": \"/api/comments/65bb9bffb7df5566266a8fbf\",\n  \"requestBody\": {\n    \"text\": \"Black Manba\"\n  },\n  \"queryParameters\": {}\n}","service":"request-logging"}
{"level":"info","message":"{\n  \"timestamp\": \"2024-02-01T13:49:58.408Z\",\n  \"method\": \"POST\",\n  \"url\": \"/api/users/signin\",\n  \"requestBody\": {\n    \"email\": \"PK@gmail.com\",\n    \"password\": \"PK@123\"\n  },\n  \"queryParameters\": {}\n}","service":"request-logging"}
{"level":"info","message":"{\n  \"timestamp\": \"2024-02-01T13:50:02.310Z\",\n  \"method\": \"POST\",\n  \"url\": \"/api/comments/65bb9bffb7df5566266a8fbf\",\n  \"requestBody\": {\n    \"text\": \"Black Manba\"\n  },\n  \"queryParameters\": {}\n}","service":"request-logging"}
{"level":"info","message":"{\n  \"timestamp\": \"2024-02-01T13:50:57.760Z\",\n  \"method\": \"POST\",\n  \"url\": \"/api/users/signin\",\n  \"requestBody\": {\n    \"email\": \"PK@gmail.com\",\n    \"password\": \"PK@123\"\n  },\n  \"queryParameters\": {}\n}","service":"request-logging"}
{"level":"info","message":"{\n  \"timestamp\": \"2024-02-01T13:51:01.290Z\",\n  \"method\": \"POST\",\n  \"url\": \"/api/comments/65bb9bffb7df5566266a8fbf\",\n  \"requestBody\": {\n    \"text\": \"Black Manba\"\n  },\n  \"queryParameters\": {}\n}","service":"request-logging"}
{"level":"info","message":"{\n  \"timestamp\": \"2024-02-01T13:52:12.585Z\",\n  \"method\": \"POST\",\n  \"url\": \"/api/users/signin\",\n  \"requestBody\": {\n    \"email\": \"PK@gmail.com\",\n    \"password\": \"PK@123\"\n  },\n  \"queryParameters\": {}\n}","service":"request-logging"}
{"level":"info","message":"{\n  \"timestamp\": \"2024-02-01T13:52:16.203Z\",\n  \"method\": \"POST\",\n  \"url\": \"/api/comments/65bb9bffb7df5566266a8fbf\",\n  \"requestBody\": {\n    \"text\": \"Black Manba\"\n  },\n  \"queryParameters\": {}\n}","service":"request-logging"}
{"level":"info","message":"{\n  \"timestamp\": \"2024-02-01T13:55:02.821Z\",\n  \"method\": \"POST\",\n  \"url\": \"/api/users/signin\",\n  \"requestBody\": {\n    \"email\": \"PK@gmail.com\",\n    \"password\": \"PK@123\"\n  },\n  \"queryParameters\": {}\n}","service":"request-logging"}
{"level":"info","message":"{\n  \"timestamp\": \"2024-02-01T13:55:06.716Z\",\n  \"method\": \"POST\",\n  \"url\": \"/api/comments/65bb9bffb7df5566266a8fbf\",\n  \"requestBody\": {\n    \"text\": \"Black Manba\"\n  },\n  \"queryParameters\": {}\n}","service":"request-logging"}
{"level":"info","message":"{\n  \"timestamp\": \"2024-02-01T13:56:11.164Z\",\n  \"method\": \"POST\",\n  \"url\": \"/api/users/signin\",\n  \"requestBody\": {\n    \"email\": \"PK@gmail.com\",\n    \"password\": \"PK@123\"\n  },\n  \"queryParameters\": {}\n}","service":"request-logging"}
{"level":"info","message":"{\n  \"timestamp\": \"2024-02-01T13:56:14.491Z\",\n  \"method\": \"POST\",\n  \"url\": \"/api/comments/65bb9bffb7df5566266a8fbf\",\n  \"requestBody\": {\n    \"text\": \"Black Manba\"\n  },\n  \"queryParameters\": {}\n}","service":"request-logging"}
{"level":"info","message":"{\n  \"timestamp\": \"2024-02-01T13:57:20.326Z\",\n  \"method\": \"POST\",\n  \"url\": \"/api/users/signin\",\n  \"requestBody\": {\n    \"email\": \"PK@gmail.com\",\n    \"password\": \"PK@123\"\n  },\n  \"queryParameters\": {}\n}","service":"request-logging"}
{"level":"info","message":"{\n  \"timestamp\": \"2024-02-01T13:57:23.407Z\",\n  \"method\": \"POST\",\n  \"url\": \"/api/comments/65bb9bffb7df5566266a8fbf\",\n  \"requestBody\": {\n    \"text\": \"Black Manba\"\n  },\n  \"queryParameters\": {}\n}","service":"request-logging"}
{"level":"info","message":"{\n  \"timestamp\": \"2024-02-01T13:58:03.312Z\",\n  \"method\": \"POST\",\n  \"url\": \"/api/users/signin\",\n  \"requestBody\": {\n    \"email\": \"PK@gmail.com\",\n    \"password\": \"PK@123\"\n  },\n  \"queryParameters\": {}\n}","service":"request-logging"}
{"level":"info","message":"{\n  \"timestamp\": \"2024-02-01T13:58:06.417Z\",\n  \"method\": \"POST\",\n  \"url\": \"/api/comments/65bb9bffb7df5566266a8fbf\",\n  \"requestBody\": {\n    \"text\": \"Black Manba\"\n  },\n  \"queryParameters\": {}\n}","service":"request-logging"}
{"level":"info","message":"{\n  \"timestamp\": \"2024-02-01T13:59:19.044Z\",\n  \"method\": \"POST\",\n  \"url\": \"/api/users/signin\",\n  \"requestBody\": {\n    \"email\": \"PK@gmail.com\",\n    \"password\": \"PK@123\"\n  },\n  \"queryParameters\": {}\n}","service":"request-logging"}
{"level":"info","message":"{\n  \"timestamp\": \"2024-02-01T13:59:22.992Z\",\n  \"method\": \"POST\",\n  \"url\": \"/api/comments/65bb9bffb7df5566266a8fbf\",\n  \"requestBody\": {\n    \"text\": \"Black Manba\"\n  },\n  \"queryParameters\": {}\n}","service":"request-logging"}
{"level":"info","message":"{\n  \"timestamp\": \"2024-02-01T14:01:27.292Z\",\n  \"method\": \"POST\",\n  \"url\": \"/api/users/signin\",\n  \"requestBody\": {\n    \"email\": \"PK@gmail.com\",\n    \"password\": \"PK@123\"\n  },\n  \"queryParameters\": {}\n}","service":"request-logging"}
{"level":"info","message":"{\n  \"timestamp\": \"2024-02-01T14:01:30.631Z\",\n  \"method\": \"POST\",\n  \"url\": \"/api/comments/65bb9bffb7df5566266a8fbf\",\n  \"requestBody\": {\n    \"text\": \"Black Manba\"\n  },\n  \"queryParameters\": {}\n}","service":"request-logging"}
{"level":"info","message":"{\n  \"timestamp\": \"2024-02-01T14:03:21.786Z\",\n  \"method\": \"POST\",\n  \"url\": \"/api/comments/65bb9bffb7df5566266a8fbf\",\n  \"requestBody\": {\n    \"text\": \"Black Manba\"\n  },\n  \"queryParameters\": {}\n}","service":"request-logging"}
{"level":"info","message":"{\n  \"timestamp\": \"2024-02-01T14:03:25.767Z\",\n  \"method\": \"POST\",\n  \"url\": \"/api/users/signin\",\n  \"requestBody\": {\n    \"email\": \"PK@gmail.com\",\n    \"password\": \"PK@123\"\n  },\n  \"queryParameters\": {}\n}","service":"request-logging"}
{"level":"info","message":"{\n  \"timestamp\": \"2024-02-01T14:03:28.782Z\",\n  \"method\": \"POST\",\n  \"url\": \"/api/comments/65bb9bffb7df5566266a8fbf\",\n  \"requestBody\": {\n    \"text\": \"Black Manba\"\n  },\n  \"queryParameters\": {}\n}","service":"request-logging"}
{"level":"info","message":"{\n  \"timestamp\": \"2024-02-01T14:05:27.530Z\",\n  \"method\": \"POST\",\n  \"url\": \"/api/users/signin\",\n  \"requestBody\": {\n    \"email\": \"PK@gmail.com\",\n    \"password\": \"PK@123\"\n  },\n  \"queryParameters\": {}\n}","service":"request-logging"}
{"level":"info","message":"{\n  \"timestamp\": \"2024-02-01T14:05:33.294Z\",\n  \"method\": \"POST\",\n  \"url\": \"/api/comments/65bb9bffb7df5566266a8fbf\",\n  \"requestBody\": {\n    \"text\": \"Black Manba\"\n  },\n  \"queryParameters\": {}\n}","service":"request-logging"}
{"level":"info","message":"{\n  \"timestamp\": \"2024-02-01T14:09:15.036Z\",\n  \"method\": \"POST\",\n  \"url\": \"/api/users/signin\",\n  \"requestBody\": {\n    \"email\": \"PK@gmail.com\",\n    \"password\": \"PK@123\"\n  },\n  \"queryParameters\": {}\n}","service":"request-logging"}
{"level":"info","message":"{\n  \"timestamp\": \"2024-02-01T14:09:19.039Z\",\n  \"method\": \"POST\",\n  \"url\": \"/api/comments/65bb9bffb7df5566266a8fbf\",\n  \"requestBody\": {\n    \"text\": \"Black Manba\"\n  },\n  \"queryParameters\": {}\n}","service":"request-logging"}
{"level":"info","message":"{\n  \"timestamp\": \"2024-02-01T14:12:22.996Z\",\n  \"method\": \"POST\",\n  \"url\": \"/api/users/signin\",\n  \"requestBody\": {\n    \"email\": \"PK@gmail.com\",\n    \"password\": \"PK@123\"\n  },\n  \"queryParameters\": {}\n}","service":"request-logging"}
{"level":"info","message":"{\n  \"timestamp\": \"2024-02-01T14:12:27.439Z\",\n  \"method\": \"POST\",\n  \"url\": \"/api/comments/65bb9bffb7df5566266a8fbf\",\n  \"requestBody\": {\n    \"text\": \"Black Manba\"\n  },\n  \"queryParameters\": {}\n}","service":"request-logging"}
{"level":"info","message":"{\n  \"timestamp\": \"2024-02-01T14:13:15.341Z\",\n  \"method\": \"POST\",\n  \"url\": \"/api/users/signin\",\n  \"requestBody\": {\n    \"email\": \"PK@gmail.com\",\n    \"password\": \"PK@123\"\n  },\n  \"queryParameters\": {}\n}","service":"request-logging"}
{"level":"info","message":"{\n  \"timestamp\": \"2024-02-01T14:13:18.721Z\",\n  \"method\": \"POST\",\n  \"url\": \"/api/comments/65bb9bffb7df5566266a8fbf\",\n  \"requestBody\": {\n    \"text\": \"Black Manba\"\n  },\n  \"queryParameters\": {}\n}","service":"request-logging"}
{"level":"info","message":"{\n  \"timestamp\": \"2024-02-01T14:15:27.533Z\",\n  \"method\": \"POST\",\n  \"url\": \"/api/comments/65bb9bffb7df5566266a8fbf\",\n  \"requestBody\": {\n    \"text\": \"Black Manba\"\n  },\n  \"queryParameters\": {}\n}","service":"request-logging"}
{"level":"info","message":"{\n  \"timestamp\": \"2024-02-01T14:15:35.274Z\",\n  \"method\": \"POST\",\n  \"url\": \"/api/users/signin\",\n  \"requestBody\": {\n    \"email\": \"PK@gmail.com\",\n    \"password\": \"PK@123\"\n  },\n  \"queryParameters\": {}\n}","service":"request-logging"}
{"level":"info","message":"{\n  \"timestamp\": \"2024-02-01T14:15:38.930Z\",\n  \"method\": \"POST\",\n  \"url\": \"/api/comments/65bb9bffb7df5566266a8fbf\",\n  \"requestBody\": {\n    \"text\": \"Black Manba\"\n  },\n  \"queryParameters\": {}\n}","service":"request-logging"}
{"level":"info","message":"{\n  \"timestamp\": \"2024-02-01T14:18:36.793Z\",\n  \"method\": \"POST\",\n  \"url\": \"/api/users/signin\",\n  \"requestBody\": {\n    \"email\": \"PK@gmail.com\",\n    \"password\": \"PK@123\"\n  },\n  \"queryParameters\": {}\n}","service":"request-logging"}
{"level":"info","message":"{\n  \"timestamp\": \"2024-02-01T14:18:40.453Z\",\n  \"method\": \"POST\",\n  \"url\": \"/api/comments/65bb9bffb7df5566266a8fbf\",\n  \"requestBody\": {\n    \"text\": \"Black Manba\"\n  },\n  \"queryParameters\": {}\n}","service":"request-logging"}
{"level":"info","message":"{\n  \"timestamp\": \"2024-02-01T14:22:47.297Z\",\n  \"method\": \"POST\",\n  \"url\": \"/api/users/logout/65b3eaee933c5b2d71ddfdb9\",\n  \"requestBody\": {\n    \"name\": \"codingPAnda\",\n    \"email\": \"cp@gmail.com\",\n    \"password\": \"Panda@123\"\n  },\n  \"queryParameters\": {}\n}","service":"request-logging"}
{"level":"info","message":"{\n  \"timestamp\": \"2024-02-01T14:22:54.562Z\",\n  \"method\": \"POST\",\n  \"url\": \"/api/users/signin\",\n  \"requestBody\": {\n    \"email\": \"PK@gmail.com\",\n    \"password\": \"PK@123\"\n  },\n  \"queryParameters\": {}\n}","service":"request-logging"}
{"level":"info","message":"{\n  \"timestamp\": \"2024-02-01T14:22:58.726Z\",\n  \"method\": \"POST\",\n  \"url\": \"/api/comments/65bb9bffb7df5566266a8fbf\",\n  \"requestBody\": {\n    \"text\": \"Black Manba\"\n  },\n  \"queryParameters\": {}\n}","service":"request-logging"}
{"level":"info","message":"{\n  \"timestamp\": \"2024-02-01T14:28:38.959Z\",\n  \"method\": \"POST\",\n  \"url\": \"/api/users/signin\",\n  \"requestBody\": {\n    \"email\": \"PK@gmail.com\",\n    \"password\": \"PK@123\"\n  },\n  \"queryParameters\": {}\n}","service":"request-logging"}
{"level":"info","message":"{\n  \"timestamp\": \"2024-02-01T14:28:42.491Z\",\n  \"method\": \"POST\",\n  \"url\": \"/api/comments/65bb9bffb7df5566266a8fbf\",\n  \"requestBody\": {\n    \"text\": \"Black Manba\"\n  },\n  \"queryParameters\": {}\n}","service":"request-logging"}
{"level":"info","message":"{\n  \"timestamp\": \"2024-02-01T14:33:18.100Z\",\n  \"method\": \"POST\",\n  \"url\": \"/api/users/signin\",\n  \"requestBody\": {\n    \"email\": \"PK@gmail.com\",\n    \"password\": \"PK@123\"\n  },\n  \"queryParameters\": {}\n}","service":"request-logging"}
{"level":"info","message":"{\n  \"timestamp\": \"2024-02-01T14:33:21.961Z\",\n  \"method\": \"GET\",\n  \"url\": \"/api/comments/65bb9bffb7df5566266a8fbf\",\n  \"requestBody\": {\n    \"text\": \"Black Manba\"\n  },\n  \"queryParameters\": {}\n}","service":"request-logging"}
{"level":"info","message":"{\n  \"timestamp\": \"2024-02-01T15:47:31.821Z\",\n  \"method\": \"POST\",\n  \"url\": \"/api/users/signin\",\n  \"requestBody\": {\n    \"email\": \"PK@gmail.com\",\n    \"password\": \"PK@123\"\n  },\n  \"queryParameters\": {}\n}","service":"request-logging"}
{"level":"info","message":"{\n  \"timestamp\": \"2024-02-01T15:47:35.752Z\",\n  \"method\": \"PUT\",\n  \"url\": \"/api/comments/65bb9bffb7df5566266a8fbf\",\n  \"requestBody\": {\n    \"text\": \"Black Masalaa\"\n  },\n  \"queryParameters\": {}\n}","service":"request-logging"}
{"level":"info","message":"{\n  \"timestamp\": \"2024-02-01T15:48:06.159Z\",\n  \"method\": \"PUT\",\n  \"url\": \"/api/comments/65bbaa9ad6b0dd2d8c1ab938\",\n  \"requestBody\": {\n    \"text\": \"Black Masalaa\"\n  },\n  \"queryParameters\": {}\n}","service":"request-logging"}
{"level":"info","message":"{\n  \"timestamp\": \"2024-02-01T15:48:23.603Z\",\n  \"method\": \"DELETE\",\n  \"url\": \"/api/comments/65bbaa9ad6b0dd2d8c1ab938\",\n  \"requestBody\": {\n    \"text\": \"Black Masalaa\"\n  },\n  \"queryParameters\": {}\n}","service":"request-logging"}
{"level":"info","message":"{\n  \"timestamp\": \"2024-02-01T15:50:24.983Z\",\n  \"method\": \"POST\",\n  \"url\": \"/api/users/signin\",\n  \"requestBody\": {\n    \"email\": \"PK@gmail.com\",\n    \"password\": \"PK@123\"\n  },\n  \"queryParameters\": {}\n}","service":"request-logging"}
{"level":"info","message":"{\n  \"timestamp\": \"2024-02-01T15:50:58.244Z\",\n  \"method\": \"POST\",\n  \"url\": \"/api/comments/65bb9bffb7df5566266a8fbf\",\n  \"requestBody\": {\n    \"text\": \"Black Masalaa\"\n  },\n  \"queryParameters\": {}\n}","service":"request-logging"}
{"level":"info","message":"{\n  \"timestamp\": \"2024-02-01T15:51:23.728Z\",\n  \"method\": \"DELETE\",\n  \"url\": \"/api/comments/65bbbde28d516052682d2792\",\n  \"requestBody\": {\n    \"text\": \"Black Masalaa\"\n  },\n  \"queryParameters\": {}\n}","service":"request-logging"}
{"level":"info","message":"{\n  \"timestamp\": \"2024-02-01T15:53:34.059Z\",\n  \"method\": \"POST\",\n  \"url\": \"/api/users/signin\",\n  \"requestBody\": {\n    \"email\": \"PK@gmail.com\",\n    \"password\": \"PK@123\"\n  },\n  \"queryParameters\": {}\n}","service":"request-logging"}
{"level":"info","message":"{\n  \"timestamp\": \"2024-02-01T15:53:53.539Z\",\n  \"method\": \"POST\",\n  \"url\": \"/api/comments/65bb9bffb7df5566266a8fbf\",\n  \"requestBody\": {\n    \"text\": \"Black Masalaa\"\n  },\n  \"queryParameters\": {}\n}","service":"request-logging"}
{"level":"info","message":"{\n  \"timestamp\": \"2024-02-01T15:54:12.786Z\",\n  \"method\": \"DELETE\",\n  \"url\": \"/api/comments/65bbbe912c3e2c4a176853c3\",\n  \"requestBody\": {\n    \"text\": \"Black Masalaa\"\n  },\n  \"queryParameters\": {}\n}","service":"request-logging"}
{"level":"info","message":"{\n  \"timestamp\": \"2024-02-01T15:57:56.969Z\",\n  \"method\": \"POST\",\n  \"url\": \"/api/users/signin\",\n  \"requestBody\": {\n    \"email\": \"PK@gmail.com\",\n    \"password\": \"PK@123\"\n  },\n  \"queryParameters\": {}\n}","service":"request-logging"}
{"level":"info","message":"{\n  \"timestamp\": \"2024-02-01T15:58:02.675Z\",\n  \"method\": \"POST\",\n  \"url\": \"/api/comments/65bb9bffb7df5566266a8fbf\",\n  \"requestBody\": {\n    \"text\": \"Black Masalaa\"\n  },\n  \"queryParameters\": {}\n}","service":"request-logging"}
{"level":"info","message":"{\n  \"timestamp\": \"2024-02-01T15:58:18.172Z\",\n  \"method\": \"DELETE\",\n  \"url\": \"/api/comments/65bbbf8a2c3e2c4a176853ce\",\n  \"requestBody\": {\n    \"text\": \"Black Masalaa\"\n  },\n  \"queryParameters\": {}\n}","service":"request-logging"}
{"level":"info","message":"{\n  \"timestamp\": \"2024-02-01T16:01:07.462Z\",\n  \"method\": \"POST\",\n  \"url\": \"/api/users/signin\",\n  \"requestBody\": {\n    \"email\": \"PK@gmail.com\",\n    \"password\": \"PK@123\"\n  },\n  \"queryParameters\": {}\n}","service":"request-logging"}
{"level":"info","message":"{\n  \"timestamp\": \"2024-02-01T16:01:14.518Z\",\n  \"method\": \"POST\",\n  \"url\": \"/api/comments/65bb9bffb7df5566266a8fbf\",\n  \"requestBody\": {\n    \"text\": \"Black Masalaa\"\n  },\n  \"queryParameters\": {}\n}","service":"request-logging"}
{"level":"info","message":"{\n  \"timestamp\": \"2024-02-01T16:01:26.971Z\",\n  \"method\": \"DELETE\",\n  \"url\": \"/api/comments/65bbc04a17cb9b85fb3ad5f4\",\n  \"requestBody\": {\n    \"text\": \"Black Masalaa\"\n  },\n  \"queryParameters\": {}\n}","service":"request-logging"}
{"level":"info","message":"{\n  \"timestamp\": \"2024-02-01T16:37:11.269Z\",\n  \"method\": \"POST\",\n  \"url\": \"/api/users/signin\",\n  \"requestBody\": {\n    \"email\": \"PK@gmail.com\",\n    \"password\": \"PK@123\"\n  },\n  \"queryParameters\": {}\n}","service":"request-logging"}
{"level":"info","message":"{\n  \"timestamp\": \"2024-02-01T16:37:18.804Z\",\n  \"method\": \"POST\",\n  \"url\": \"/api/comments/65bb9bffb7df5566266a8fbf\",\n  \"requestBody\": {\n    \"text\": \"Black Masalaa\"\n  },\n  \"queryParameters\": {}\n}","service":"request-logging"}
{"level":"info","message":"{\n  \"timestamp\": \"2024-02-01T16:43:31.430Z\",\n  \"method\": \"POST\",\n  \"url\": \"/api/users/signin\",\n  \"requestBody\": {\n    \"email\": \"PK@gmail.com\",\n    \"password\": \"PK@123\"\n  },\n  \"queryParameters\": {}\n}","service":"request-logging"}
{"level":"info","message":"{\n  \"timestamp\": \"2024-02-01T16:45:46.802Z\",\n  \"method\": \"POST\",\n  \"url\": \"/api/likes/65bbc8be80d90da183f4eb8d\",\n  \"requestBody\": {\n    \"postId\": \"65bb9bffb7df5566266a8fbf\"\n  },\n  \"queryParameters\": {}\n}","service":"request-logging"}
{"level":"info","message":"{\n  \"timestamp\": \"2024-02-01T16:46:36.226Z\",\n  \"method\": \"POST\",\n  \"url\": \"/api/users/signin\",\n  \"requestBody\": {\n    \"email\": \"PK@gmail.com\",\n    \"password\": \"PK@123\"\n  },\n  \"queryParameters\": {}\n}","service":"request-logging"}
{"level":"info","message":"{\n  \"timestamp\": \"2024-02-01T16:46:43.293Z\",\n  \"method\": \"POST\",\n  \"url\": \"/api/likes/65bbc8be80d90da183f4eb8d\",\n  \"requestBody\": {\n    \"postId\": \"65bb9bffb7df5566266a8fbf\"\n  },\n  \"queryParameters\": {}\n}","service":"request-logging"}
{"level":"info","message":"{\n  \"timestamp\": \"2024-02-01T16:47:52.658Z\",\n  \"method\": \"POST\",\n  \"url\": \"/api/likes/toggle/65bbc8be80d90da183f4eb8d\",\n  \"requestBody\": {\n    \"postId\": \"65bb9bffb7df5566266a8fbf\"\n  },\n  \"queryParameters\": {}\n}","service":"request-logging"}
{"level":"info","message":"{\n  \"timestamp\": \"2024-02-01T16:48:03.315Z\",\n  \"method\": \"POST\",\n  \"url\": \"/api/likes/toggle/65bbc8be80d90da183f4eb8d\",\n  \"requestBody\": {\n    \"postId\": \"65bb9bffb7df5566266a8fbf\"\n  },\n  \"queryParameters\": {}\n}","service":"request-logging"}
{"level":"info","message":"{\n  \"timestamp\": \"2024-02-01T16:48:21.362Z\",\n  \"method\": \"POST\",\n  \"url\": \"/api/likes/toggle/65bbc8be80d90da183f4eb8d\",\n  \"requestBody\": {\n    \"postId\": \"65bb9bffb7df5566266a8fbf\"\n  },\n  \"queryParameters\": {}\n}","service":"request-logging"}
{"level":"info","message":"{\n  \"timestamp\": \"2024-02-01T16:49:36.405Z\",\n  \"method\": \"POST\",\n  \"url\": \"/api/users/signin\",\n  \"requestBody\": {\n    \"email\": \"PK@gmail.com\",\n    \"password\": \"PK@123\"\n  },\n  \"queryParameters\": {}\n}","service":"request-logging"}
{"level":"info","message":"{\n  \"timestamp\": \"2024-02-01T16:49:40.207Z\",\n  \"method\": \"POST\",\n  \"url\": \"/api/likes/toggle/65bbc8be80d90da183f4eb8d\",\n  \"requestBody\": {\n    \"postId\": \"65bb9bffb7df5566266a8fbf\"\n  },\n  \"queryParameters\": {}\n}","service":"request-logging"}
{"level":"info","message":"{\n  \"timestamp\": \"2024-02-01T16:51:32.495Z\",\n  \"method\": \"POST\",\n  \"url\": \"/api/users/signin\",\n  \"requestBody\": {\n    \"email\": \"PK@gmail.com\",\n    \"password\": \"PK@123\"\n  },\n  \"queryParameters\": {}\n}","service":"request-logging"}
{"level":"info","message":"{\n  \"timestamp\": \"2024-02-01T16:51:48.225Z\",\n  \"method\": \"GET\",\n  \"url\": \"/api/likes/toggle/65bbc8be80d90da183f4eb8d\",\n  \"requestBody\": {},\n  \"queryParameters\": {}\n}","service":"request-logging"}
{"level":"info","message":"{\n  \"timestamp\": \"2024-02-01T16:51:58.516Z\",\n  \"method\": \"GET\",\n  \"url\": \"/api/likes/65bbc8be80d90da183f4eb8d\",\n  \"requestBody\": {},\n  \"queryParameters\": {}\n}","service":"request-logging"}
{"level":"info","message":"{\n  \"timestamp\": \"2024-02-01T16:53:45.139Z\",\n  \"method\": \"POST\",\n  \"url\": \"/api/users/signin\",\n  \"requestBody\": {\n    \"email\": \"PK@gmail.com\",\n    \"password\": \"PK@123\"\n  },\n  \"queryParameters\": {}\n}","service":"request-logging"}
{"level":"info","message":"{\n  \"timestamp\": \"2024-02-01T16:53:49.620Z\",\n  \"method\": \"GET\",\n  \"url\": \"/api/likes/65bbc8be80d90da183f4eb8d\",\n  \"requestBody\": {},\n  \"queryParameters\": {}\n}","service":"request-logging"}
{"level":"info","message":"{\n  \"timestamp\": \"2024-02-01T16:55:25.359Z\",\n  \"method\": \"POST\",\n  \"url\": \"/api/users/signin\",\n  \"requestBody\": {\n    \"email\": \"PK@gmail.com\",\n    \"password\": \"PK@123\"\n  },\n  \"queryParameters\": {}\n}","service":"request-logging"}
{"level":"info","message":"{\n  \"timestamp\": \"2024-02-01T16:55:28.502Z\",\n  \"method\": \"GET\",\n  \"url\": \"/api/likes/65bbc8be80d90da183f4eb8d\",\n  \"requestBody\": {},\n  \"queryParameters\": {}\n}","service":"request-logging"}
{"level":"info","message":"{\n  \"timestamp\": \"2024-02-01T16:56:28.908Z\",\n  \"method\": \"POST\",\n  \"url\": \"/api/users/signin\",\n  \"requestBody\": {\n    \"email\": \"PK@gmail.com\",\n    \"password\": \"PK@123\"\n  },\n  \"queryParameters\": {}\n}","service":"request-logging"}
{"level":"info","message":"{\n  \"timestamp\": \"2024-02-01T16:56:36.410Z\",\n  \"method\": \"GET\",\n  \"url\": \"/api/likes/65bbc8be80d90da183f4eb8d\",\n  \"requestBody\": {},\n  \"queryParameters\": {}\n}","service":"request-logging"}
{"level":"info","message":"{\n  \"timestamp\": \"2024-02-01T16:57:26.342Z\",\n  \"method\": \"POST\",\n  \"url\": \"/api/users/signin\",\n  \"requestBody\": {\n    \"email\": \"PK@gmail.com\",\n    \"password\": \"PK@123\"\n  },\n  \"queryParameters\": {}\n}","service":"request-logging"}
{"level":"info","message":"{\n  \"timestamp\": \"2024-02-01T16:57:30.151Z\",\n  \"method\": \"GET\",\n  \"url\": \"/api/likes/65bbc8be80d90da183f4eb8d\",\n  \"requestBody\": {},\n  \"queryParameters\": {}\n}","service":"request-logging"}
{"level":"info","message":"{\n  \"timestamp\": \"2024-02-01T17:02:37.884Z\",\n  \"method\": \"GET\",\n  \"url\": \"/api/posts/65bb914c736d577ba0a4268f\",\n  \"requestBody\": {},\n  \"queryParameters\": {}\n}","service":"request-logging"}
{"level":"info","message":"{\n  \"timestamp\": \"2024-02-01T17:02:56.975Z\",\n  \"method\": \"GET\",\n  \"url\": \"/api/posts/65bb9bffb7df5566266a8fbf\",\n  \"requestBody\": {},\n  \"queryParameters\": {}\n}","service":"request-logging"}
